Tue Jun 17 08:49:09 UTC 2025 Starting master on 4fdf0e11b739
core file size          (blocks, -c) 0
data seg size           (kbytes, -d) unlimited
scheduling priority             (-e) 0
file size               (blocks, -f) unlimited
pending signals                 (-i) 55819
max locked memory       (kbytes, -l) unlimited
max memory size         (kbytes, -m) unlimited
open files                      (-n) 1024
pipe size            (512 bytes, -p) 8
POSIX message queues     (bytes, -q) 819200
real-time priority              (-r) 0
stack size              (kbytes, -s) 8192
cpu time               (seconds, -t) unlimited
max user processes              (-u) unlimited
virtual memory          (kbytes, -v) unlimited
file locks                      (-x) unlimited
2025-06-17T08:49:12,740 INFO  [main] master.HMaster: STARTING service HMaster
2025-06-17T08:49:12,748 INFO  [main] util.VersionInfo: HBase 2.5.0
2025-06-17T08:49:12,748 INFO  [main] util.VersionInfo: Source code repository git://07dd39516198/home/ndimiduk/hbase-rm/output/hbase revision=2ecd8bd6d615ca49bfb329b3c0c126c80846d4ab
2025-06-17T08:49:12,749 INFO  [main] util.VersionInfo: Compiled by ndimiduk on Tue Aug 23 15:58:57 UTC 2022
2025-06-17T08:49:12,749 INFO  [main] util.VersionInfo: From source with checksum 1b8804cc0906de24e1a5e80737681f53ccf396f7af467da39ad611ab78fffc5be1a83fe8902e324a6a0d149f031e65c19112e0ba2c565b6b16892e5a7ab16778
2025-06-17T08:49:12,944 INFO  [main] util.ServerCommandLine: hbase.tmp.dir: /tmp/hbase-hbase
2025-06-17T08:49:12,944 INFO  [main] util.ServerCommandLine: hbase.rootdir: hdfs://atlas-hadoop:9000/hbase
2025-06-17T08:49:12,945 INFO  [main] util.ServerCommandLine: hbase.cluster.distributed: true
2025-06-17T08:49:12,945 INFO  [main] util.ServerCommandLine: hbase.zookeeper.quorum: atlas-zk
2025-06-17T08:49:12,946 INFO  [main] util.ServerCommandLine: env:PATH=/usr/local/sbin:/usr/local/bin:/usr/sbin:/usr/bin:/sbin:/bin:/usr/games:/usr/local/games:/snap/bin
2025-06-17T08:49:12,946 INFO  [main] util.ServerCommandLine: env:HBASE_LOGFILE=hbase-hbase-master-4fdf0e11b739.log
2025-06-17T08:49:12,946 INFO  [main] util.ServerCommandLine: env:JAVA_HOME=/usr/lib/jvm/java-11-openjdk-amd64
2025-06-17T08:49:12,946 INFO  [main] util.ServerCommandLine: env:TERM=xterm
2025-06-17T08:49:12,946 INFO  [main] util.ServerCommandLine: env:MAIL=/var/mail/hbase
2025-06-17T08:49:12,946 INFO  [main] util.ServerCommandLine: env:ATLAS_HOME=/opt/atlas
2025-06-17T08:49:12,947 INFO  [main] util.ServerCommandLine: env:JVM_PID=266
2025-06-17T08:49:12,947 INFO  [main] util.ServerCommandLine: env:LOGNAME=hbase
2025-06-17T08:49:12,947 INFO  [main] util.ServerCommandLine: env:HBASE_REST_OPTS=
2025-06-17T08:49:12,947 INFO  [main] util.ServerCommandLine: env:HBASE_VERSION="2.5.0"
2025-06-17T08:49:12,947 INFO  [main] util.ServerCommandLine: env:PWD=/
2025-06-17T08:49:12,947 INFO  [main] util.ServerCommandLine: env:ATLAS_DIST=/home/atlas/dist
2025-06-17T08:49:12,947 INFO  [main] util.ServerCommandLine: env:HBASE_ROOT_LOGGER=INFO,RFA
2025-06-17T08:49:12,948 INFO  [main] util.ServerCommandLine: env:SHELL=/bin/bash
2025-06-17T08:49:12,948 INFO  [main] util.ServerCommandLine: env:HBASE_ENV_INIT=true
2025-06-17T08:49:12,948 INFO  [main] util.ServerCommandLine: env:HBASE_IDENT_STRING=hbase
2025-06-17T08:49:12,948 INFO  [main] util.ServerCommandLine: env:HBASE_ZNODE_FILE=/tmp/hbase-hbase-master.znode
2025-06-17T08:49:12,949 INFO  [main] util.ServerCommandLine: env:HBASE_LOG_PREFIX=hbase-hbase-master-4fdf0e11b739
2025-06-17T08:49:12,949 INFO  [main] util.ServerCommandLine: env:HBASE_LOG_DIR=/opt/hbase/logs
2025-06-17T08:49:12,949 INFO  [main] util.ServerCommandLine: env:USER=hbase
2025-06-17T08:49:12,951 INFO  [main] util.ServerCommandLine: stence.core-2.7.4.jar:/opt/hbase/lib/jdk11/org.eclipse.persistence.moxy-2.7.4.jar:/opt/hbase/lib/jdk11/org.eclipse.persistence.sdo-2.7.4.jar:/opt/hbase/lib/jdk11/pfl-asm-4.0.1.jar:/opt/hbase/lib/jdk11/pfl-basic-4.0.1.jar:/opt/hbase/lib/jdk11/pfl-basic-tools-4.0.1.jar:/opt/hbase/lib/jdk11/pfl-dynamic-4.0.1.jar:/opt/hbase/lib/jdk11/pfl-tf-4.0.1.jar:/opt/hbase/lib/jdk11/pfl-tf-tools-4.0.1.jar:/opt/hbase/lib/jdk11/policy-2.7.6.jar:/opt/hbase/lib/jdk11/release-documentation-2.3.2-docbook.zip:/opt/hbase/lib/jdk11/saaj-impl-1.5.1.jar:/opt/hbase/lib/jdk11/samples-2.3.2.zip:/opt/hbase/lib/jdk11/sdo-eclipselink-plugin-2.3.2.jar:/opt/hbase/lib/jdk11/stax-ex-1.8.1.jar:/opt/hbase/lib/jdk11/streambuffer-1.5.7.jar:/opt/hbase/lib/jdk11/txw2-2.3.2.jar:/opt/hbase/lib/client-facing-thirdparty/log4j-1.2-api-2.17.2.jar:/opt/hbase/lib/client-facing-thirdparty/log4j-api-2.17.2.jar:/opt/hbase/lib/client-facing-thirdparty/log4j-core-2.17.2.jar:/opt/hbase/lib/client-facing-thirdparty/log4j-slf4j-impl-2.17.2.jar
2025-06-17T08:49:12,952 INFO  [main] util.ServerCommandLine: env:ATLAS_SCRIPTS=/home/atlas/scripts
2025-06-17T08:49:12,952 INFO  [main] util.ServerCommandLine: env:HBASE_AUTOSTART_FILE=/tmp/hbase-hbase-master.autostart
2025-06-17T08:49:12,952 INFO  [main] util.ServerCommandLine: env:SED=sed
2025-06-17T08:49:12,952 INFO  [main] util.ServerCommandLine: env:HOSTNAME=4fdf0e11b739
2025-06-17T08:49:12,952 INFO  [main] util.ServerCommandLine: env:GREP=grep
2025-06-17T08:49:12,953 INFO  [main] util.ServerCommandLine: env:HBASE_NICENESS=0
2025-06-17T08:49:12,953 INFO  [main] util.ServerCommandLine: env:HBASE_SECURITY_LOGGER=INFO,RFAS
2025-06-17T08:49:12,953 INFO  [main] util.ServerCommandLine: env:HBASE_OPTS=-XX:+UseG1GC -Djava.util.logging.config.class=org.apache.hadoop.hbase.logging.JulToSlf4jInitializer   -Dio.netty.tryReflectionSetAccessible=true --illegal-access=permit --add-modules jdk.unsupported --add-opens java.base/java.nio=ALL-UNNAMED --add-opens java.base/sun.nio.ch=ALL-UNNAMED --add-opens java.base/java.lang=ALL-UNNAMED --add-opens java.base/jdk.internal.ref=ALL-UNNAMED --add-opens java.base/java.lang.reflect=ALL-UNNAMED --add-exports java.base/jdk.internal.misc=ALL-UNNAMED -Dhbase.log.dir=/opt/hbase/logs -Dhbase.log.file=hbase-hbase-master-4fdf0e11b739.log -Dhbase.home.dir=/opt/hbase -Dhbase.id.str=hbase -Dhbase.root.logger=INFO,RFA -Dhbase.security.logger=INFO,RFAS
2025-06-17T08:49:12,953 INFO  [main] util.ServerCommandLine: env:HBASE_HOME=/opt/hbase
2025-06-17T08:49:12,954 INFO  [main] util.ServerCommandLine: env:HBASE_THRIFT_OPTS=
2025-06-17T08:49:12,954 INFO  [main] util.ServerCommandLine: env:ATLAS_VERSION="2.4.0"
2025-06-17T08:49:12,954 INFO  [main] util.ServerCommandLine: env:SHLVL=2
2025-06-17T08:49:12,954 INFO  [main] util.ServerCommandLine: env:HOME=/home/hbase
2025-06-17T08:49:12,954 INFO  [main] util.ServerCommandLine: env:MALLOC_ARENA_MAX=4
2025-06-17T08:49:12,955 INFO  [main] util.ServerCommandLine: vmName=OpenJDK 64-Bit Server VM, vmVendor=Ubuntu, vmVersion=11.0.27+6-post-Ubuntu-0ubuntu120.04
2025-06-17T08:49:12,955 INFO  [main] util.ServerCommandLine: vmInputArguments=[-Dproc_master, -XX:OnOutOfMemoryError=kill -9 %p, -XX:+UseG1GC, -Djava.util.logging.config.class=org.apache.hadoop.hbase.logging.JulToSlf4jInitializer, -Dio.netty.tryReflectionSetAccessible=true, --illegal-access=permit, --add-modules=jdk.unsupported, --add-opens=java.base/java.nio=ALL-UNNAMED, --add-opens=java.base/sun.nio.ch=ALL-UNNAMED, --add-opens=java.base/java.lang=ALL-UNNAMED, --add-opens=java.base/jdk.internal.ref=ALL-UNNAMED, --add-opens=java.base/java.lang.reflect=ALL-UNNAMED, --add-exports=java.base/jdk.internal.misc=ALL-UNNAMED, -Dhbase.log.dir=/opt/hbase/logs, -Dhbase.log.file=hbase-hbase-master-4fdf0e11b739.log, -Dhbase.home.dir=/opt/hbase, -Dhbase.id.str=hbase, -Dhbase.root.logger=INFO,RFA, -Dhbase.security.logger=INFO,RFAS]
2025-06-17T08:49:13,639 INFO  [main] metrics.MetricRegistries: Loaded MetricRegistries class org.apache.hadoop.hbase.metrics.impl.MetricRegistriesImpl
2025-06-17T08:49:13,730 WARN  [main] util.NativeCodeLoader: Unable to load native-hadoop library for your platform... using builtin-java classes where applicable
2025-06-17T08:49:14,508 INFO  [main] regionserver.RSRpcServices: master/4fdf0e11b739:16000 server-side Connection retries=45
2025-06-17T08:49:14,561 INFO  [main] ipc.RpcExecutor: Instantiated default.FPBQ.Fifo with queueClass=class java.util.concurrent.LinkedBlockingQueue; numCallQueues=3, maxQueueLength=300, handlerCount=30
2025-06-17T08:49:14,565 INFO  [main] ipc.RpcExecutor: Instantiated priority.RWQ.Fifo with queueClass=class java.util.concurrent.LinkedBlockingQueue; numCallQueues=2, maxQueueLength=200, handlerCount=20
2025-06-17T08:49:14,567 INFO  [main] ipc.RWQueueRpcExecutor: priority.RWQ.Fifo writeQueues=1 writeHandlers=2 readQueues=1 readHandlers=18 scanQueues=0 scanHandlers=0
2025-06-17T08:49:14,567 INFO  [main] ipc.RpcExecutor: Instantiated replication.FPBQ.Fifo with queueClass=class java.util.concurrent.LinkedBlockingQueue; numCallQueues=1, maxQueueLength=30, handlerCount=3
2025-06-17T08:49:14,567 INFO  [main] ipc.RpcExecutor: Instantiated metaPriority.FPBQ.Fifo with queueClass=class java.util.concurrent.LinkedBlockingQueue; numCallQueues=1, maxQueueLength=200, handlerCount=1
2025-06-17T08:49:14,733 INFO  [main] ipc.RpcServerFactory: Creating org.apache.hadoop.hbase.ipc.NettyRpcServer hosting hbase.pb.MasterService, hbase.pb.RegionServerStatusService, hbase.pb.LockService, hbase.pb.HbckService, hbase.pb.ClientMetaService, hbase.pb.ClientService, hbase.pb.AdminService, hbase.pb.ClientMetaService
2025-06-17T08:49:14,864 INFO  [main] ipc.NettyRpcServer: Using org.apache.hbase.thirdparty.io.netty.buffer.PooledByteBufAllocator for buffer allocation
2025-06-17T08:49:15,011 INFO  [main] ipc.NettyRpcServer: Bind to /172.21.0.9:16000
2025-06-17T08:49:15,052 INFO  [main] Configuration.deprecation: hbase.client.pause.cqtbe is deprecated. Instead, use hbase.client.pause.server.overloaded
2025-06-17T08:49:15,944 INFO  [main] fs.HFileSystem: Added intercepting call to namenode#getBlockLocations so can do block reordering using class org.apache.hadoop.hbase.fs.HFileSystem$ReorderWALBlocks
2025-06-17T08:49:15,950 INFO  [main] fs.HFileSystem: Added intercepting call to namenode#getBlockLocations so can do block reordering using class org.apache.hadoop.hbase.fs.HFileSystem$ReorderWALBlocks
2025-06-17T08:49:16,003 INFO  [main] zookeeper.RecoverableZooKeeper: Process identifier=master:16000 connecting to ZooKeeper ensemble=atlas-zk:2181
2025-06-17T08:49:16,033 INFO  [main] zookeeper.ZooKeeper: Client environment:zookeeper.version=3.5.7-f0fdd52973d373ffd9c86b81d99842dc2c7f660e, built on 02/10/2020 11:30 GMT
2025-06-17T08:49:16,035 INFO  [main] zookeeper.ZooKeeper: Client environment:host.name=4fdf0e11b739
2025-06-17T08:49:16,037 INFO  [main] zookeeper.ZooKeeper: Client environment:java.version=11.0.27
2025-06-17T08:49:16,040 INFO  [main] zookeeper.ZooKeeper: Client environment:java.vendor=Ubuntu
2025-06-17T08:49:16,042 INFO  [main] zookeeper.ZooKeeper: Client environment:java.home=/usr/lib/jvm/java-11-openjdk-amd64
2025-06-17T08:49:16,044 INFO  [main] zookeeper.ZooKeeper: stence.core-2.7.4.jar:/opt/hbase/lib/jdk11/org.eclipse.persistence.moxy-2.7.4.jar:/opt/hbase/lib/jdk11/org.eclipse.persistence.sdo-2.7.4.jar:/opt/hbase/lib/jdk11/pfl-asm-4.0.1.jar:/opt/hbase/lib/jdk11/pfl-basic-4.0.1.jar:/opt/hbase/lib/jdk11/pfl-basic-tools-4.0.1.jar:/opt/hbase/lib/jdk11/pfl-dynamic-4.0.1.jar:/opt/hbase/lib/jdk11/pfl-tf-4.0.1.jar:/opt/hbase/lib/jdk11/pfl-tf-tools-4.0.1.jar:/opt/hbase/lib/jdk11/policy-2.7.6.jar:/opt/hbase/lib/jdk11/release-documentation-2.3.2-docbook.zip:/opt/hbase/lib/jdk11/saaj-impl-1.5.1.jar:/opt/hbase/lib/jdk11/samples-2.3.2.zip:/opt/hbase/lib/jdk11/sdo-eclipselink-plugin-2.3.2.jar:/opt/hbase/lib/jdk11/stax-ex-1.8.1.jar:/opt/hbase/lib/jdk11/streambuffer-1.5.7.jar:/opt/hbase/lib/jdk11/txw2-2.3.2.jar:/opt/hbase/lib/client-facing-thirdparty/log4j-1.2-api-2.17.2.jar:/opt/hbase/lib/client-facing-thirdparty/log4j-api-2.17.2.jar:/opt/hbase/lib/client-facing-thirdparty/log4j-core-2.17.2.jar:/opt/hbase/lib/client-facing-thirdparty/log4j-slf4j-impl-2.17.2.jar
2025-06-17T08:49:16,044 INFO  [main] zookeeper.ZooKeeper: Client environment:java.library.path=/usr/java/packages/lib:/usr/lib/x86_64-linux-gnu/jni:/lib/x86_64-linux-gnu:/usr/lib/x86_64-linux-gnu:/usr/lib/jni:/lib:/usr/lib
2025-06-17T08:49:16,045 INFO  [main] zookeeper.ZooKeeper: Client environment:java.io.tmpdir=/tmp
2025-06-17T08:49:16,045 INFO  [main] zookeeper.ZooKeeper: Client environment:java.compiler=<NA>
2025-06-17T08:49:16,046 INFO  [main] zookeeper.ZooKeeper: Client environment:os.name=Linux
2025-06-17T08:49:16,046 INFO  [main] zookeeper.ZooKeeper: Client environment:os.arch=amd64
2025-06-17T08:49:16,046 INFO  [main] zookeeper.ZooKeeper: Client environment:os.version=6.10.14-linuxkit
2025-06-17T08:49:16,046 INFO  [main] zookeeper.ZooKeeper: Client environment:user.name=hbase
2025-06-17T08:49:16,046 INFO  [main] zookeeper.ZooKeeper: Client environment:user.home=/home/hbase
2025-06-17T08:49:16,047 INFO  [main] zookeeper.ZooKeeper: Client environment:user.dir=/
2025-06-17T08:49:16,047 INFO  [main] zookeeper.ZooKeeper: Client environment:os.memory.free=218MB
2025-06-17T08:49:16,047 INFO  [main] zookeeper.ZooKeeper: Client environment:os.memory.max=3492MB
2025-06-17T08:49:16,047 INFO  [main] zookeeper.ZooKeeper: Client environment:os.memory.total=274MB
2025-06-17T08:49:16,050 INFO  [main] zookeeper.ZooKeeper: Initiating client connection, connectString=atlas-zk:2181 sessionTimeout=90000 watcher=org.apache.hadoop.hbase.zookeeper.PendingWatcher@4e140497
2025-06-17T08:49:16,061 INFO  [main] common.X509Util: Setting -D jdk.tls.rejectClientInitiatedRenegotiation=true to disable client-initiated TLS renegotiation
2025-06-17T08:49:16,073 INFO  [main] zookeeper.ClientCnxnSocket: jute.maxbuffer value is 4194304 Bytes
2025-06-17T08:49:16,081 INFO  [main] zookeeper.ClientCnxn: zookeeper.request.timeout value is 0. feature enabled=
2025-06-17T08:49:16,133 INFO  [main-SendThread(atlas-zk:2181)] zookeeper.ClientCnxn: Opening socket connection to server atlas-zk/172.21.0.5:2181. Will not attempt to authenticate using SASL (unknown error)
2025-06-17T08:49:16,161 INFO  [main-SendThread(atlas-zk:2181)] zookeeper.ClientCnxn: Socket connection established, initiating session, client: /172.21.0.9:44916, server: atlas-zk/172.21.0.5:2181
2025-06-17T08:49:16,248 INFO  [main-SendThread(atlas-zk:2181)] zookeeper.ClientCnxn: Session establishment complete on server atlas-zk/172.21.0.5:2181, sessionid = 0x100003774c50001, negotiated timeout = 40000
2025-06-17T08:49:16,471 INFO  [main] util.log: Logging initialized @6296ms to org.apache.hbase.thirdparty.org.eclipse.jetty.util.log.Slf4jLog
2025-06-17T08:49:16,595 INFO  [main] http.HttpServer: Added global filter 'safety' (class=org.apache.hadoop.hbase.http.HttpServer$QuotingInputFilter)
2025-06-17T08:49:16,596 INFO  [main] http.HttpServer: Added global filter 'clickjackingprevention' (class=org.apache.hadoop.hbase.http.ClickjackingPreventionFilter)
2025-06-17T08:49:16,598 INFO  [main] http.HttpServer: Added global filter 'securityheaders' (class=org.apache.hadoop.hbase.http.SecurityHeadersFilter)
2025-06-17T08:49:16,602 INFO  [main] http.HttpServer: Added filter static_user_filter (class=org.apache.hadoop.hbase.http.lib.StaticUserWebFilter$StaticUserFilter) to context master
2025-06-17T08:49:16,604 INFO  [main] http.HttpServer: Added filter static_user_filter (class=org.apache.hadoop.hbase.http.lib.StaticUserWebFilter$StaticUserFilter) to context static
2025-06-17T08:49:16,604 INFO  [main] http.HttpServer: Added filter static_user_filter (class=org.apache.hadoop.hbase.http.lib.StaticUserWebFilter$StaticUserFilter) to context logs
2025-06-17T08:49:16,620 INFO  [main] http.HttpServer: ASYNC_PROFILER_HOME environment variable and async.profiler.home system property not specified. Disabling /prof endpoint.
2025-06-17T08:49:16,747 INFO  [main] http.HttpServer: Jetty bound to port 16010
2025-06-17T08:49:16,749 INFO  [main] server.Server: jetty-9.4.46.v20220331; built: 2022-03-31T16:38:08.030Z; git: bc17a0369a11ecf40bb92c839b9ef0a8ac50ea18; jvm 11.0.27+6-post-Ubuntu-0ubuntu120.04
2025-06-17T08:49:16,823 INFO  [main] http.SecurityHeadersFilter: Added security headers filter
2025-06-17T08:49:16,827 INFO  [main] handler.ContextHandler: Started o.a.h.t.o.e.j.s.ServletContextHandler@6cc64028{logs,/logs,file:///opt/hbase/logs/,AVAILABLE}
2025-06-17T08:49:16,829 INFO  [main] http.SecurityHeadersFilter: Added security headers filter
2025-06-17T08:49:16,830 INFO  [main] handler.ContextHandler: Started o.a.h.t.o.e.j.s.ServletContextHandler@26be9a6{static,/static,file:///opt/hbase-2.5.0/hbase-webapps/static/,AVAILABLE}
2025-06-17T08:49:16,986 INFO  [main] webapp.StandardDescriptorProcessor: NO JSP Support for /, did not find org.apache.hbase.thirdparty.org.eclipse.jetty.jsp.JettyJspServlet
2025-06-17T08:49:16,999 INFO  [main] server.session: DefaultSessionIdManager workerName=node0
2025-06-17T08:49:17,000 INFO  [main] server.session: No SessionScavenger set, using defaults
2025-06-17T08:49:17,003 INFO  [main] server.session: node0 Scavenging every 660000ms
2025-06-17T08:49:17,010 INFO  [main] http.SecurityHeadersFilter: Added security headers filter
2025-06-17T08:49:18,209 WARN  [main] internal.Errors: The following warnings have been detected: WARNING: The (sub)resource method getBaseMetrics in org.apache.hadoop.hbase.master.http.api_v1.cluster_metrics.resource.ClusterMetricsResource contains empty path annotation.

2025-06-17T08:49:18,222 INFO  [main] handler.ContextHandler: Started o.a.h.t.o.e.j.w.WebAppContext@3c97f5e9{master,/,file:///opt/hbase-2.5.0/hbase-webapps/master/,AVAILABLE}{file:/opt/hbase-2.5.0/hbase-webapps/master}
2025-06-17T08:49:18,236 INFO  [main] server.AbstractConnector: Started ServerConnector@16d431b4{HTTP/1.1, (http/1.1)}{0.0.0.0:16010}
2025-06-17T08:49:18,237 INFO  [main] server.Server: Started @8063ms
2025-06-17T08:49:18,244 INFO  [main] master.HMaster: hbase.rootdir=hdfs://atlas-hadoop:9000/hbase, hbase.cluster.distributed=true
2025-06-17T08:49:18,290 INFO  [master/4fdf0e11b739:16000:becomeActiveMaster] master.HMaster: Adding backup master ZNode /hbase/backup-masters/4fdf0e11b739,16000,1750150153003
2025-06-17T08:49:18,415 INFO  [master/4fdf0e11b739:16000:becomeActiveMaster] master.ActiveMasterManager: Deleting ZNode for /hbase/backup-masters/4fdf0e11b739,16000,1750150153003 from backup master directory
2025-06-17T08:49:18,427 INFO  [master/4fdf0e11b739:16000:becomeActiveMaster] master.ActiveMasterManager: Registered as active master=4fdf0e11b739,16000,1750150153003
2025-06-17T08:49:18,434 INFO  [master/4fdf0e11b739:16000:becomeActiveMaster] regionserver.ChunkCreator: Allocating data MemStoreChunkPool with chunk size 2 MB, max count 628, initial count 0
2025-06-17T08:49:18,437 INFO  [master/4fdf0e11b739:16000:becomeActiveMaster] regionserver.ChunkCreator: Allocating index MemStoreChunkPool with chunk size 204.80 KB, max count 698, initial count 0
2025-06-17T08:49:19,386 INFO  [master/4fdf0e11b739:16000:becomeActiveMaster] util.FSUtils: Created version file at hdfs://atlas-hadoop:9000/hbase with version=8
2025-06-17T08:49:20,163 INFO  [master/4fdf0e11b739:16000:becomeActiveMaster] fs.HFileSystem: Added intercepting call to namenode#getBlockLocations so can do block reordering using class org.apache.hadoop.hbase.fs.HFileSystem$ReorderWALBlocks
2025-06-17T08:49:20,317 INFO  [master/4fdf0e11b739:16000:becomeActiveMaster] region.MasterRegion: Create or load local region for table 'master:store', {TABLE_ATTRIBUTES => {METADATA => {'hbase.store.file-tracker.impl' => 'DEFAULT'}}}, {NAME => 'info', BLOOMFILTER => 'ROWCOL', IN_MEMORY => 'true', VERSIONS => '3', KEEP_DELETED_CELLS => 'FALSE', DATA_BLOCK_ENCODING => 'ROW_INDEX_V1', COMPRESSION => 'NONE', TTL => 'FOREVER', MIN_VERSIONS => '0', BLOCKCACHE => 'true', BLOCKSIZE => '8192 B (8KB)', REPLICATION_SCOPE => '0'}, {NAME => 'proc', BLOOMFILTER => 'ROW', IN_MEMORY => 'false', VERSIONS => '1', KEEP_DELETED_CELLS => 'FALSE', DATA_BLOCK_ENCODING => 'NONE', COMPRESSION => 'NONE', TTL => 'FOREVER', MIN_VERSIONS => '0', BLOCKCACHE => 'true', BLOCKSIZE => '65536 B (64KB)', REPLICATION_SCOPE => '0'}, {NAME => 'rs', BLOOMFILTER => 'ROW', IN_MEMORY => 'false', VERSIONS => '1', KEEP_DELETED_CELLS => 'FALSE', DATA_BLOCK_ENCODING => 'NONE', COMPRESSION => 'NONE', TTL => 'FOREVER', MIN_VERSIONS => '0', BLOCKCACHE => 'true', BLOCKSIZE => '65536 B (64KB)', REPLICATION_SCOPE => '0'}
2025-06-17T08:49:20,322 INFO  [master/4fdf0e11b739:16000:becomeActiveMaster] region.MasterRegionFlusherAndCompactor: Injected flushSize=134217728, flushPerChanges=1000000, flushIntervalMs=900000
2025-06-17T08:49:20,349 INFO  [master/4fdf0e11b739:16000:becomeActiveMaster] wal.WALFactory: Instantiating WALProvider of type class org.apache.hadoop.hbase.wal.AsyncFSWALProvider
2025-06-17T08:49:20,435 INFO  [master/4fdf0e11b739:16000:becomeActiveMaster] regionserver.HRegion: IBUTES => {METADATA => {'hbase.store.file-tracker.impl' => 'DEFAULT'}}}, {NAME => 'info', BLOOMFILTER => 'ROWCOL', IN_MEMORY => 'true', VERSIONS => '3', KEEP_DELETED_CELLS => 'FALSE', DATA_BLOCK_ENCODING => 'ROW_INDEX_V1', COMPRESSION => 'NONE', TTL => 'FOREVER', MIN_VERSIONS => '0', BLOCKCACHE => 'true', BLOCKSIZE => '8192 B (8KB)', REPLICATION_SCOPE => '0'}, {NAME => 'proc', BLOOMFILTER => 'ROW', IN_MEMORY => 'false', VERSIONS => '1', KEEP_DELETED_CELLS => 'FALSE', DATA_BLOCK_ENCODING => 'NONE', COMPRESSION => 'NONE', TTL => 'FOREVER', MIN_VERSIONS => '0', BLOCKCACHE => 'true', BLOCKSIZE => '65536 B (64KB)', REPLICATION_SCOPE => '0'}, {NAME => 'rs', BLOOMFILTER => 'ROW', IN_MEMORY => 'false', VERSIONS => '1', KEEP_DELETED_CELLS => 'FALSE', DATA_BLOCK_ENCODING => 'NONE', COMPRESSION => 'NONE', TTL => 'FOREVER', MIN_VERSIONS => '0', BLOCKCACHE => 'true', BLOCKSIZE => '65536 B (64KB)', REPLICATION_SCOPE => '0'}, under table dir hdfs://atlas-hadoop:9000/hbase/MasterData/data/master/store
2025-06-17T08:49:20,483 INFO  [master/4fdf0e11b739:16000:becomeActiveMaster] throttle.StoreHotnessProtector: StoreHotnessProtector is disabled. Set hbase.region.store.parallel.put.limit > 0 to enable, which may help mitigate load under heavy write pressure.
2025-06-17T08:49:20,485 INFO  [master/4fdf0e11b739:16000:becomeActiveMaster] regionserver.HRegion: Closing region master:store,,1.1595e783b53d99cd5eef43b6debb2682.
2025-06-17T08:49:20,485 INFO  [master/4fdf0e11b739:16000:becomeActiveMaster] regionserver.HRegion: Closed master:store,,1.1595e783b53d99cd5eef43b6debb2682.
2025-06-17T08:49:20,488 WARN  [master/4fdf0e11b739:16000:becomeActiveMaster] region.MasterRegion: failed to clean up initializing flag: hdfs://atlas-hadoop:9000/hbase/MasterData/data/master/store/.initializing
2025-06-17T08:49:20,512 INFO  [master/4fdf0e11b739:16000:becomeActiveMaster] monitor.StreamSlowMonitor: New stream slow monitor defaultMonitorName
2025-06-17T08:49:20,539 INFO  [master/4fdf0e11b739:16000:becomeActiveMaster] wal.AbstractFSWAL: WAL configuration: blocksize=256 MB, rollsize=128 MB, prefix=4fdf0e11b739%2C16000%2C1750150153003, suffix=, logDir=hdfs://atlas-hadoop:9000/hbase/MasterData/WALs/4fdf0e11b739,16000,1750150153003, archiveDir=hdfs://atlas-hadoop:9000/hbase/MasterData/oldWALs, maxLogs=10
2025-06-17T08:49:20,683 INFO  [master/4fdf0e11b739:16000:becomeActiveMaster] wal.AbstractFSWAL: New WAL /hbase/MasterData/WALs/4fdf0e11b739,16000,1750150153003/4fdf0e11b739%2C16000%2C1750150153003.1750150160552
2025-06-17T08:49:20,741 INFO  [StoreOpener-1595e783b53d99cd5eef43b6debb2682-1] regionserver.HStore: Created cacheConfig: cacheDataOnRead=true, cacheDataOnWrite=false, cacheIndexesOnWrite=false, cacheBloomsOnWrite=false, cacheEvictOnClose=false, cacheDataCompressed=false, prefetchOnOpen=false, for column family info of region 1595e783b53d99cd5eef43b6debb2682 
2025-06-17T08:49:20,781 INFO  [StoreOpener-1595e783b53d99cd5eef43b6debb2682-1] compactions.CompactionConfiguration: size [minCompactSize:128 MB, maxCompactSize:8.00 EB, offPeakMaxCompactSize:8.00 EB); files [minFilesToCompact:3, maxFilesToCompact:10); ratio 1.200000; off-peak ratio 5.000000; throttle point 2684354560; major period 604800000, major jitter 0.500000, min locality to compact 0.000000; tiered compaction: max_age 9223372036854775807, incoming window min 6, compaction policy for tiered window org.apache.hadoop.hbase.regionserver.compactions.ExploringCompactionPolicy, single output for minor true, compaction window factory org.apache.hadoop.hbase.regionserver.compactions.ExponentialCompactionWindowFactory, region 1595e783b53d99cd5eef43b6debb2682 columnFamilyName info
2025-06-17T08:49:20,786 INFO  [StoreOpener-1595e783b53d99cd5eef43b6debb2682-1] storefiletracker.StoreFileTrackerFactory: instantiating StoreFileTracker impl org.apache.hadoop.hbase.regionserver.storefiletracker.DefaultStoreFileTracker
2025-06-17T08:49:20,796 INFO  [StoreOpener-1595e783b53d99cd5eef43b6debb2682-1] regionserver.HStore: Store=1595e783b53d99cd5eef43b6debb2682/info,  memstore type=DefaultMemStore, storagePolicy=NONE, verifyBulkLoads=false, parallelPutCountPrintThreshold=50, encoding=ROW_INDEX_V1, compression=NONE
2025-06-17T08:49:20,796 INFO  [StoreOpener-1595e783b53d99cd5eef43b6debb2682-1] regionserver.HStore: Created cacheConfig: cacheDataOnRead=true, cacheDataOnWrite=false, cacheIndexesOnWrite=false, cacheBloomsOnWrite=false, cacheEvictOnClose=false, cacheDataCompressed=false, prefetchOnOpen=false, for column family proc of region 1595e783b53d99cd5eef43b6debb2682 
2025-06-17T08:49:20,806 INFO  [StoreOpener-1595e783b53d99cd5eef43b6debb2682-1] compactions.CompactionConfiguration: size [minCompactSize:128 MB, maxCompactSize:8.00 EB, offPeakMaxCompactSize:8.00 EB); files [minFilesToCompact:3, maxFilesToCompact:10); ratio 1.200000; off-peak ratio 5.000000; throttle point 2684354560; major period 604800000, major jitter 0.500000, min locality to compact 0.000000; tiered compaction: max_age 9223372036854775807, incoming window min 6, compaction policy for tiered window org.apache.hadoop.hbase.regionserver.compactions.ExploringCompactionPolicy, single output for minor true, compaction window factory org.apache.hadoop.hbase.regionserver.compactions.ExponentialCompactionWindowFactory, region 1595e783b53d99cd5eef43b6debb2682 columnFamilyName proc
2025-06-17T08:49:20,806 INFO  [StoreOpener-1595e783b53d99cd5eef43b6debb2682-1] storefiletracker.StoreFileTrackerFactory: instantiating StoreFileTracker impl org.apache.hadoop.hbase.regionserver.storefiletracker.DefaultStoreFileTracker
2025-06-17T08:49:20,808 INFO  [StoreOpener-1595e783b53d99cd5eef43b6debb2682-1] regionserver.HStore: Store=1595e783b53d99cd5eef43b6debb2682/proc,  memstore type=DefaultMemStore, storagePolicy=NONE, verifyBulkLoads=false, parallelPutCountPrintThreshold=50, encoding=NONE, compression=NONE
2025-06-17T08:49:20,808 INFO  [StoreOpener-1595e783b53d99cd5eef43b6debb2682-1] regionserver.HStore: Created cacheConfig: cacheDataOnRead=true, cacheDataOnWrite=false, cacheIndexesOnWrite=false, cacheBloomsOnWrite=false, cacheEvictOnClose=false, cacheDataCompressed=false, prefetchOnOpen=false, for column family rs of region 1595e783b53d99cd5eef43b6debb2682 
2025-06-17T08:49:20,812 INFO  [StoreOpener-1595e783b53d99cd5eef43b6debb2682-1] compactions.CompactionConfiguration: size [minCompactSize:128 MB, maxCompactSize:8.00 EB, offPeakMaxCompactSize:8.00 EB); files [minFilesToCompact:3, maxFilesToCompact:10); ratio 1.200000; off-peak ratio 5.000000; throttle point 2684354560; major period 604800000, major jitter 0.500000, min locality to compact 0.000000; tiered compaction: max_age 9223372036854775807, incoming window min 6, compaction policy for tiered window org.apache.hadoop.hbase.regionserver.compactions.ExploringCompactionPolicy, single output for minor true, compaction window factory org.apache.hadoop.hbase.regionserver.compactions.ExponentialCompactionWindowFactory, region 1595e783b53d99cd5eef43b6debb2682 columnFamilyName rs
2025-06-17T08:49:20,813 INFO  [StoreOpener-1595e783b53d99cd5eef43b6debb2682-1] storefiletracker.StoreFileTrackerFactory: instantiating StoreFileTracker impl org.apache.hadoop.hbase.regionserver.storefiletracker.DefaultStoreFileTracker
2025-06-17T08:49:20,814 INFO  [StoreOpener-1595e783b53d99cd5eef43b6debb2682-1] regionserver.HStore: Store=1595e783b53d99cd5eef43b6debb2682/rs,  memstore type=DefaultMemStore, storagePolicy=NONE, verifyBulkLoads=false, parallelPutCountPrintThreshold=50, encoding=NONE, compression=NONE
2025-06-17T08:49:20,867 INFO  [master/4fdf0e11b739:16000:becomeActiveMaster] regionserver.HRegion: Opened 1595e783b53d99cd5eef43b6debb2682; next sequenceid=2; SteppingSplitPolicysuper{IncreasingToUpperBoundRegionSplitPolicy{initialSize=268435456, ConstantSizeRegionSplitPolicy{desiredMaxFileSize=10783004640, jitterRate=0.004245564341545105}}}, FlushLargeStoresPolicy{flushSizeLowerBound=44739242}
2025-06-17T08:49:20,870 INFO  [master/4fdf0e11b739:16000:becomeActiveMaster] region.MasterRegionFlusherAndCompactor: Constructor flushSize=134217728, flushPerChanges=1000000, flushIntervalMs=900000, compactMin=4
2025-06-17T08:49:20,959 INFO  [master/4fdf0e11b739:16000:becomeActiveMaster] master.HMaster: No meta location available on zookeeper, skip migrating...
2025-06-17T08:49:20,974 INFO  [master/4fdf0e11b739:16000:becomeActiveMaster] region.RegionProcedureStore: Starting the Region Procedure Store, number threads=16
2025-06-17T08:49:20,974 INFO  [master/4fdf0e11b739:16000:becomeActiveMaster] procedure2.ProcedureExecutor: Starting 16 core workers (bigger of cpus/4 or 16) with max (burst) worker count=160
2025-06-17T08:49:20,976 INFO  [master/4fdf0e11b739:16000:becomeActiveMaster] region.RegionProcedureStore: Starting Region Procedure Store lease recovery...
2025-06-17T08:49:20,980 INFO  [master/4fdf0e11b739:16000:becomeActiveMaster] procedure2.ProcedureExecutor: Recovered RegionProcedureStore lease in 4 msec
2025-06-17T08:49:20,988 INFO  [master/4fdf0e11b739:16000:becomeActiveMaster] procedure2.ProcedureExecutor: Loaded RegionProcedureStore in 6 msec
2025-06-17T08:49:20,988 INFO  [master/4fdf0e11b739:16000:becomeActiveMaster] procedure2.RemoteProcedureDispatcher: Instantiated, coreThreads=128 (allowCoreThreadTimeOut=true), queueMaxSize=32, operationDelay=150
2025-06-17T08:49:21,033 INFO  [master/4fdf0e11b739:16000:becomeActiveMaster] master.RegionServerTracker: Upgrading RegionServerTracker to active master mode; 0 have existingServerCrashProcedures, 0 possibly 'live' servers, and 0 'splitting'.
2025-06-17T08:49:21,055 INFO  [master/4fdf0e11b739:16000:becomeActiveMaster] normalizer.SimpleRegionNormalizer: Updated configuration for key 'hbase.normalizer.merge.min_region_size.mb' from 0 to 1
2025-06-17T08:49:21,062 INFO  [master/4fdf0e11b739:16000:becomeActiveMaster] normalizer.RegionNormalizerWorker: Normalizer rate limit set to unlimited
2025-06-17T08:49:21,119 INFO  [master/4fdf0e11b739:16000:becomeActiveMaster] master.HMaster: Active/primary master=4fdf0e11b739,16000,1750150153003, sessionid=0x100003774c50001, setting cluster-up flag (Was=false)
2025-06-17T08:49:21,191 WARN  [master/4fdf0e11b739:16000:becomeActiveMaster] snapshot.SnapshotManager: Couldn't delete working snapshot directory: hdfs://atlas-hadoop:9000/hbase/.hbase-snapshot/.tmp
2025-06-17T08:49:21,368 INFO  [master/4fdf0e11b739:16000:becomeActiveMaster] atlas.ApplicationProperties: Looking for atlas-application.properties in classpath
2025-06-17T08:49:21,375 INFO  [master/4fdf0e11b739:16000:becomeActiveMaster] atlas.ApplicationProperties: Loading atlas-application.properties from file:/opt/hbase-2.5.0/conf/atlas-application.properties
2025-06-17T08:49:21,408 INFO  [master/4fdf0e11b739:16000:becomeActiveMaster] atlas.ApplicationProperties: Using graphdb backend 'janus'
2025-06-17T08:49:21,409 INFO  [master/4fdf0e11b739:16000:becomeActiveMaster] atlas.ApplicationProperties: Using storage backend 'hbase2'
2025-06-17T08:49:21,409 INFO  [master/4fdf0e11b739:16000:becomeActiveMaster] atlas.ApplicationProperties: Using index backend 'solr'
2025-06-17T08:49:21,409 INFO  [master/4fdf0e11b739:16000:becomeActiveMaster] atlas.ApplicationProperties: Atlas is running in MODE: PROD.
2025-06-17T08:49:21,410 INFO  [master/4fdf0e11b739:16000:becomeActiveMaster] atlas.ApplicationProperties: Setting atlas.graph.index.search.solr.wait-searcher = false
2025-06-17T08:49:21,411 INFO  [master/4fdf0e11b739:16000:becomeActiveMaster] atlas.ApplicationProperties: Setting index.search.map-name property 'false'
2025-06-17T08:49:21,411 INFO  [master/4fdf0e11b739:16000:becomeActiveMaster] atlas.ApplicationProperties: Setting atlas.graph.index.search.max-result-set-size = 500000
2025-06-17T08:49:21,412 INFO  [master/4fdf0e11b739:16000:becomeActiveMaster] atlas.ApplicationProperties: Property (set to default) atlas.graph.cache.db-cache = true
2025-06-17T08:49:21,412 INFO  [master/4fdf0e11b739:16000:becomeActiveMaster] atlas.ApplicationProperties: Property (set to default) atlas.graph.cache.db-cache-clean-wait = 20
2025-06-17T08:49:21,412 INFO  [master/4fdf0e11b739:16000:becomeActiveMaster] atlas.ApplicationProperties: Property (set to default) atlas.graph.cache.db-cache-size = 0.5
2025-06-17T08:49:21,412 INFO  [master/4fdf0e11b739:16000:becomeActiveMaster] atlas.ApplicationProperties: Property (set to default) atlas.graph.cache.tx-cache-size = 15000
2025-06-17T08:49:21,413 INFO  [master/4fdf0e11b739:16000:becomeActiveMaster] atlas.ApplicationProperties: Property (set to default) atlas.graph.cache.tx-dirty-size = 120
2025-06-17T08:49:21,436 INFO  [master/4fdf0e11b739:16000:becomeActiveMaster] kafka.KafkaNotification: ==> KafkaNotification()
2025-06-17T08:49:21,440 INFO  [master/4fdf0e11b739:16000:becomeActiveMaster] kafka.KafkaNotification: <== KafkaNotification()
2025-06-17T08:49:21,440 INFO  [master/4fdf0e11b739:16000:becomeActiveMaster] kafka.NotificationProvider: Notification spooling is not enabled
2025-06-17T08:49:21,440 INFO  [master/4fdf0e11b739:16000:becomeActiveMaster] hook.AtlasHook: atlas.hook.entity.ignore.pattern=[]
2025-06-17T08:49:21,470 INFO  [master/4fdf0e11b739:16000:becomeActiveMaster] hook.AtlasHook: Created Atlas Hook
2025-06-17T08:49:21,474 INFO  [master/4fdf0e11b739:16000:becomeActiveMaster] coprocessor.CoprocessorHost: System coprocessor org.apache.atlas.hbase.hook.HBaseAtlasCoprocessor loaded, priority=536870911.
2025-06-17T08:49:21,605 INFO  [master/4fdf0e11b739:16000:becomeActiveMaster] balancer.BaseLoadBalancer: slop=0.2
2025-06-17T08:49:21,608 INFO  [master/4fdf0e11b739:16000:becomeActiveMaster] balancer.StochasticLoadBalancer: Loaded config; maxSteps=1000000, runMaxSteps=false, stepsPerRegion=800, maxRunningTime=30000, isByTable=false, CostFunctions=[RegionCountSkewCostFunction, PrimaryRegionCountSkewCostFunction, MoveCostFunction, ServerLocalityCostFunction, RackLocalityCostFunction, TableSkewCostFunction, RegionReplicaHostCostFunction, RegionReplicaRackCostFunction, ReadRequestCostFunction, WriteRequestCostFunction, MemStoreSizeCostFunction, StoreFileCostFunction] , sum of multiplier of cost functions = 0.0 etc.
2025-06-17T08:49:21,622 INFO  [master/4fdf0e11b739:16000:becomeActiveMaster] procedure2.TimeoutExecutorThread: ADDED pid=-1, state=WAITING_TIMEOUT; org.apache.hadoop.hbase.procedure2.CompletedProcedureCleaner; timeout=30000, timestamp=1750150191621
2025-06-17T08:49:21,630 INFO  [master/4fdf0e11b739:16000:becomeActiveMaster] cleaner.DirScanPool: log_cleaner Cleaner pool size is 1
2025-06-17T08:49:21,630 INFO  [PEWorker-1] procedure.InitMetaProcedure: BOOTSTRAP: creating hbase:meta region
2025-06-17T08:49:21,631 INFO  [master/4fdf0e11b739:16000:becomeActiveMaster] cleaner.CleanerChore: Initialize cleaner=org.apache.hadoop.hbase.master.cleaner.TimeToLiveLogCleaner
2025-06-17T08:49:21,637 INFO  [master/4fdf0e11b739:16000:becomeActiveMaster] cleaner.CleanerChore: Initialize cleaner=org.apache.hadoop.hbase.replication.master.ReplicationLogCleaner
2025-06-17T08:49:21,638 INFO  [master/4fdf0e11b739:16000:becomeActiveMaster] cleaner.CleanerChore: Initialize cleaner=org.apache.hadoop.hbase.master.cleaner.TimeToLiveMasterLocalStoreWALCleaner
2025-06-17T08:49:21,639 INFO  [master/4fdf0e11b739:16000:becomeActiveMaster] cleaner.CleanerChore: Initialize cleaner=org.apache.hadoop.hbase.master.cleaner.TimeToLiveProcedureWALCleaner
2025-06-17T08:49:21,639 INFO  [master/4fdf0e11b739:16000:becomeActiveMaster] cleaner.LogCleaner: Creating 2 old WALs cleaner threads
2025-06-17T08:49:21,643 INFO  [master/4fdf0e11b739:16000:becomeActiveMaster] hbase.ChoreService: Chore ScheduledChore name=LogsCleaner, period=600000, unit=MILLISECONDS is enabled.
2025-06-17T08:49:21,653 INFO  [master/4fdf0e11b739:16000:becomeActiveMaster] cleaner.DirScanPool: hfile_cleaner Cleaner pool size is 2
2025-06-17T08:49:21,660 INFO  [master/4fdf0e11b739:16000:becomeActiveMaster] cleaner.CleanerChore: Initialize cleaner=org.apache.hadoop.hbase.master.cleaner.TimeToLiveMasterLocalStoreHFileCleaner
2025-06-17T08:49:21,662 INFO  [PEWorker-1] storefiletracker.StoreFileTrackerFactory: instantiating StoreFileTracker impl org.apache.hadoop.hbase.regionserver.storefiletracker.DefaultStoreFileTracker
2025-06-17T08:49:21,663 INFO  [master/4fdf0e11b739:16000:becomeActiveMaster] cleaner.CleanerChore: Initialize cleaner=org.apache.hadoop.hbase.master.cleaner.HFileLinkCleaner
2025-06-17T08:49:21,664 INFO  [PEWorker-1] util.FSTableDescriptors: .coprocessor.MultiRowMutationEndpoint|536870911|', METADATA => {'hbase.store.file-tracker.impl' => 'DEFAULT'}}}, {NAME => 'info', BLOOMFILTER => 'ROWCOL', IN_MEMORY => 'true', VERSIONS => '3', KEEP_DELETED_CELLS => 'FALSE', DATA_BLOCK_ENCODING => 'ROW_INDEX_V1', COMPRESSION => 'NONE', TTL => 'FOREVER', MIN_VERSIONS => '0', BLOCKCACHE => 'true', BLOCKSIZE => '8192 B (8KB)', REPLICATION_SCOPE => '0'}, {NAME => 'rep_barrier', BLOOMFILTER => 'ROWCOL', IN_MEMORY => 'true', VERSIONS => '2147483647', KEEP_DELETED_CELLS => 'FALSE', DATA_BLOCK_ENCODING => 'ROW_INDEX_V1', COMPRESSION => 'NONE', TTL => 'FOREVER', MIN_VERSIONS => '0', BLOCKCACHE => 'true', BLOCKSIZE => '65536 B (64KB)', REPLICATION_SCOPE => '0'}, {NAME => 'table', BLOOMFILTER => 'ROWCOL', IN_MEMORY => 'true', VERSIONS => '3', KEEP_DELETED_CELLS => 'FALSE', DATA_BLOCK_ENCODING => 'ROW_INDEX_V1', COMPRESSION => 'NONE', TTL => 'FOREVER', MIN_VERSIONS => '0', BLOCKCACHE => 'true', BLOCKSIZE => '8192 B (8KB)', REPLICATION_SCOPE => '0'}
2025-06-17T08:49:21,675 INFO  [master/4fdf0e11b739:16000:becomeActiveMaster] cleaner.CleanerChore: Initialize cleaner=org.apache.hadoop.hbase.master.snapshot.SnapshotHFileCleaner
2025-06-17T08:49:21,677 INFO  [master/4fdf0e11b739:16000:becomeActiveMaster] cleaner.CleanerChore: Initialize cleaner=org.apache.hadoop.hbase.master.cleaner.TimeToLiveHFileCleaner
2025-06-17T08:49:21,681 INFO  [master/4fdf0e11b739:16000:becomeActiveMaster] hbase.ChoreService: Chore ScheduledChore name=HFileCleaner, period=600000, unit=MILLISECONDS is enabled.
2025-06-17T08:49:21,683 INFO  [master/4fdf0e11b739:16000:becomeActiveMaster] master.HMaster: Reopening regions with very high storeFileRefCount is disabled. Provide threshold value > 0 for hbase.regions.recovery.store.file.ref.count to enable it.
2025-06-17T08:49:21,690 INFO  [master/4fdf0e11b739:16000:becomeActiveMaster] hbase.ChoreService: Chore ScheduledChore name=ReplicationBarrierCleaner, period=43200000, unit=MILLISECONDS is enabled.
2025-06-17T08:49:21,691 INFO  [master/4fdf0e11b739:16000:becomeActiveMaster] hbase.ChoreService: Chore ScheduledChore name=SnapshotCleaner, period=1800000, unit=MILLISECONDS is enabled.
2025-06-17T08:49:22,124 INFO  [PEWorker-1] util.FSTableDescriptors: Updated hbase:meta table descriptor to hdfs://atlas-hadoop:9000/hbase/data/hbase/meta/.tabledesc/.tableinfo.0000000001.949
2025-06-17T08:49:22,126 INFO  [PEWorker-1] regionserver.HRegion: 70911|', METADATA => {'hbase.store.file-tracker.impl' => 'DEFAULT'}}}, {NAME => 'info', BLOOMFILTER => 'ROWCOL', IN_MEMORY => 'true', VERSIONS => '3', KEEP_DELETED_CELLS => 'FALSE', DATA_BLOCK_ENCODING => 'ROW_INDEX_V1', COMPRESSION => 'NONE', TTL => 'FOREVER', MIN_VERSIONS => '0', BLOCKCACHE => 'true', BLOCKSIZE => '8192 B (8KB)', REPLICATION_SCOPE => '0'}, {NAME => 'rep_barrier', BLOOMFILTER => 'ROWCOL', IN_MEMORY => 'true', VERSIONS => '2147483647', KEEP_DELETED_CELLS => 'FALSE', DATA_BLOCK_ENCODING => 'ROW_INDEX_V1', COMPRESSION => 'NONE', TTL => 'FOREVER', MIN_VERSIONS => '0', BLOCKCACHE => 'true', BLOCKSIZE => '65536 B (64KB)', REPLICATION_SCOPE => '0'}, {NAME => 'table', BLOOMFILTER => 'ROWCOL', IN_MEMORY => 'true', VERSIONS => '3', KEEP_DELETED_CELLS => 'FALSE', DATA_BLOCK_ENCODING => 'ROW_INDEX_V1', COMPRESSION => 'NONE', TTL => 'FOREVER', MIN_VERSIONS => '0', BLOCKCACHE => 'true', BLOCKSIZE => '8192 B (8KB)', REPLICATION_SCOPE => '0'}, regionDir=hdfs://atlas-hadoop:9000/hbase
2025-06-17T08:49:22,584 INFO  [StoreOpener-1588230740-1] regionserver.HStore: Created cacheConfig: cacheDataOnRead=true, cacheDataOnWrite=false, cacheIndexesOnWrite=false, cacheBloomsOnWrite=false, cacheEvictOnClose=false, cacheDataCompressed=false, prefetchOnOpen=false, for column family info of region 1588230740 
2025-06-17T08:49:22,593 INFO  [StoreOpener-1588230740-1] compactions.CompactionConfiguration: size [minCompactSize:128 MB, maxCompactSize:8.00 EB, offPeakMaxCompactSize:8.00 EB); files [minFilesToCompact:3, maxFilesToCompact:10); ratio 1.200000; off-peak ratio 5.000000; throttle point 2684354560; major period 604800000, major jitter 0.500000, min locality to compact 0.000000; tiered compaction: max_age 9223372036854775807, incoming window min 6, compaction policy for tiered window org.apache.hadoop.hbase.regionserver.compactions.ExploringCompactionPolicy, single output for minor true, compaction window factory org.apache.hadoop.hbase.regionserver.compactions.ExponentialCompactionWindowFactory, region 1588230740 columnFamilyName info
2025-06-17T08:49:22,594 INFO  [StoreOpener-1588230740-1] storefiletracker.StoreFileTrackerFactory: instantiating StoreFileTracker impl org.apache.hadoop.hbase.regionserver.storefiletracker.DefaultStoreFileTracker
2025-06-17T08:49:22,596 INFO  [StoreOpener-1588230740-1] regionserver.HStore: Store=1588230740/info,  memstore type=DefaultMemStore, storagePolicy=NONE, verifyBulkLoads=false, parallelPutCountPrintThreshold=50, encoding=ROW_INDEX_V1, compression=NONE
2025-06-17T08:49:22,598 INFO  [StoreOpener-1588230740-1] regionserver.HStore: Created cacheConfig: cacheDataOnRead=true, cacheDataOnWrite=false, cacheIndexesOnWrite=false, cacheBloomsOnWrite=false, cacheEvictOnClose=false, cacheDataCompressed=false, prefetchOnOpen=false, for column family rep_barrier of region 1588230740 
2025-06-17T08:49:22,640 INFO  [StoreOpener-1588230740-1] compactions.CompactionConfiguration: size [minCompactSize:128 MB, maxCompactSize:8.00 EB, offPeakMaxCompactSize:8.00 EB); files [minFilesToCompact:3, maxFilesToCompact:10); ratio 1.200000; off-peak ratio 5.000000; throttle point 2684354560; major period 604800000, major jitter 0.500000, min locality to compact 0.000000; tiered compaction: max_age 9223372036854775807, incoming window min 6, compaction policy for tiered window org.apache.hadoop.hbase.regionserver.compactions.ExploringCompactionPolicy, single output for minor true, compaction window factory org.apache.hadoop.hbase.regionserver.compactions.ExponentialCompactionWindowFactory, region 1588230740 columnFamilyName rep_barrier
2025-06-17T08:49:22,641 INFO  [StoreOpener-1588230740-1] storefiletracker.StoreFileTrackerFactory: instantiating StoreFileTracker impl org.apache.hadoop.hbase.regionserver.storefiletracker.DefaultStoreFileTracker
2025-06-17T08:49:22,645 INFO  [StoreOpener-1588230740-1] regionserver.HStore: Store=1588230740/rep_barrier,  memstore type=DefaultMemStore, storagePolicy=NONE, verifyBulkLoads=false, parallelPutCountPrintThreshold=50, encoding=ROW_INDEX_V1, compression=NONE
2025-06-17T08:49:22,645 INFO  [StoreOpener-1588230740-1] regionserver.HStore: Created cacheConfig: cacheDataOnRead=true, cacheDataOnWrite=false, cacheIndexesOnWrite=false, cacheBloomsOnWrite=false, cacheEvictOnClose=false, cacheDataCompressed=false, prefetchOnOpen=false, for column family table of region 1588230740 
2025-06-17T08:49:22,659 INFO  [StoreOpener-1588230740-1] compactions.CompactionConfiguration: size [minCompactSize:128 MB, maxCompactSize:8.00 EB, offPeakMaxCompactSize:8.00 EB); files [minFilesToCompact:3, maxFilesToCompact:10); ratio 1.200000; off-peak ratio 5.000000; throttle point 2684354560; major period 604800000, major jitter 0.500000, min locality to compact 0.000000; tiered compaction: max_age 9223372036854775807, incoming window min 6, compaction policy for tiered window org.apache.hadoop.hbase.regionserver.compactions.ExploringCompactionPolicy, single output for minor true, compaction window factory org.apache.hadoop.hbase.regionserver.compactions.ExponentialCompactionWindowFactory, region 1588230740 columnFamilyName table
2025-06-17T08:49:22,660 INFO  [StoreOpener-1588230740-1] storefiletracker.StoreFileTrackerFactory: instantiating StoreFileTracker impl org.apache.hadoop.hbase.regionserver.storefiletracker.DefaultStoreFileTracker
2025-06-17T08:49:22,664 INFO  [StoreOpener-1588230740-1] regionserver.HStore: Store=1588230740/table,  memstore type=DefaultMemStore, storagePolicy=NONE, verifyBulkLoads=false, parallelPutCountPrintThreshold=50, encoding=ROW_INDEX_V1, compression=NONE
2025-06-17T08:49:22,717 INFO  [PEWorker-1] regionserver.HRegion: Opened 1588230740; next sequenceid=2; SteppingSplitPolicysuper{IncreasingToUpperBoundRegionSplitPolicy{initialSize=268435456, ConstantSizeRegionSplitPolicy{desiredMaxFileSize=11781708800, jitterRate=0.09725713729858398}}}, FlushLargeStoresPolicy{flushSizeLowerBound=44739242}
2025-06-17T08:49:22,717 INFO  [PEWorker-1] regionserver.HRegion: Closing region hbase:meta,,1.1588230740
2025-06-17T08:49:22,720 INFO  [PEWorker-1] regionserver.HRegion: Closed hbase:meta,,1.1588230740
2025-06-17T08:49:22,730 INFO  [PEWorker-1] procedure.InitMetaProcedure: Going to assign meta
2025-06-17T08:49:22,742 INFO  [PEWorker-1] procedure2.ProcedureExecutor: Initialized subprocedures=[{pid=2, ppid=1, state=RUNNABLE:REGION_STATE_TRANSITION_GET_ASSIGN_CANDIDATE; TransitRegionStateProcedure table=hbase:meta, region=1588230740, ASSIGN}]
2025-06-17T08:49:22,759 INFO  [PEWorker-2] procedure.MasterProcedureScheduler: Took xlock for pid=2, ppid=1, state=RUNNABLE:REGION_STATE_TRANSITION_GET_ASSIGN_CANDIDATE; TransitRegionStateProcedure table=hbase:meta, region=1588230740, ASSIGN
2025-06-17T08:49:22,773 INFO  [PEWorker-2] assignment.TransitRegionStateProcedure: Starting pid=2, ppid=1, state=RUNNABLE:REGION_STATE_TRANSITION_GET_ASSIGN_CANDIDATE, locked=true; TransitRegionStateProcedure table=hbase:meta, region=1588230740, ASSIGN; state=OFFLINE, location=null; forceNewPlan=false, retain=false
2025-06-17T08:49:22,927 WARN  [4fdf0e11b739:16000] assignment.AssignmentManager: No servers available; cannot place 1 unassigned regions.
2025-06-17T08:49:23,633 INFO  [HBase-Metrics2-1] impl.GlobalMetricRegistriesAdapter: Registering Master,sub=Coprocessor.Master.CP_org.apache.atlas.hbase.hook.HBaseAtlasCoprocessor Metrics about HBase MasterObservers
2025-06-17T08:49:23,932 WARN  [4fdf0e11b739:16000] assignment.AssignmentManager: No servers available; cannot place 1 unassigned regions.
2025-06-17T08:49:24,603 INFO  [RpcServer.default.FPBQ.Fifo.handler=29,queue=2,port=16000] master.ServerManager: Registering regionserver=4fdf0e11b739,16020,1750150154692
2025-06-17T08:49:24,652 INFO  [RegionServerTracker-0] master.RegionServerTracker: RegionServer ephemeral node created, adding [4fdf0e11b739,16020,1750150154692]
2025-06-17T08:49:24,936 WARN  [4fdf0e11b739:16000] assignment.AssignmentManager: No servers available; cannot place 1 unassigned regions.
2025-06-17T08:49:25,943 WARN  [4fdf0e11b739:16000] assignment.AssignmentManager: No servers available; cannot place 1 unassigned regions.
2025-06-17T08:49:26,954 WARN  [4fdf0e11b739:16000] assignment.AssignmentManager: No servers available; cannot place 1 unassigned regions.
2025-06-17T08:49:27,966 WARN  [4fdf0e11b739:16000] assignment.AssignmentManager: No servers available; cannot place 1 unassigned regions.
2025-06-17T08:49:28,485 INFO  [PEWorker-3] assignment.RegionStateStore: pid=2 updating hbase:meta row=1588230740, regionState=OPENING, regionLocation=4fdf0e11b739,16020,1750150154692
2025-06-17T08:49:28,498 INFO  [PEWorker-3] zookeeper.MetaTableLocator: Setting hbase:meta replicaId=0 location in ZooKeeper as 4fdf0e11b739,16020,1750150154692, state=OPENING
2025-06-17T08:49:28,517 INFO  [PEWorker-3] procedure2.ProcedureExecutor: Initialized subprocedures=[{pid=3, ppid=2, state=RUNNABLE; OpenRegionProcedure 1588230740, server=4fdf0e11b739,16020,1750150154692}]
2025-06-17T08:49:29,456 INFO  [PEWorker-5] assignment.RegionStateStore: pid=2 updating hbase:meta row=1588230740, regionState=OPEN, openSeqNum=2, regionLocation=4fdf0e11b739,16020,1750150154692
2025-06-17T08:49:29,460 INFO  [PEWorker-5] zookeeper.MetaTableLocator: Setting hbase:meta replicaId=0 location in ZooKeeper as 4fdf0e11b739,16020,1750150154692, state=OPEN
2025-06-17T08:49:29,477 INFO  [PEWorker-5] procedure2.ProcedureExecutor: Finished subprocedure pid=3, resume processing ppid=2
2025-06-17T08:49:29,481 INFO  [PEWorker-5] procedure2.ProcedureExecutor: Finished pid=3, ppid=2, state=SUCCESS; OpenRegionProcedure 1588230740, server=4fdf0e11b739,16020,1750150154692 in 949 msec
2025-06-17T08:49:29,492 INFO  [PEWorker-6] procedure2.ProcedureExecutor: Finished subprocedure pid=2, resume processing ppid=1
2025-06-17T08:49:29,494 INFO  [PEWorker-6] procedure2.ProcedureExecutor: Finished pid=2, ppid=1, state=SUCCESS; TransitRegionStateProcedure table=hbase:meta, region=1588230740, ASSIGN in 6.7380 sec
2025-06-17T08:49:29,505 INFO  [PEWorker-7] procedure2.ProcedureExecutor: Finished pid=1, state=SUCCESS; InitMetaProcedure table=hbase:meta in 8.0190 sec
2025-06-17T08:49:29,505 INFO  [master/4fdf0e11b739:16000:becomeActiveMaster] master.HMaster: Master startup: status=Wait for region servers to report in, state=RUNNING, startTime=1750150158384, completionTime=-1
2025-06-17T08:49:29,506 INFO  [master/4fdf0e11b739:16000:becomeActiveMaster] master.ServerManager: Waiting on regionserver count=1; waited=0ms, expecting min=1 server(s), max=NO_LIMIT server(s), timeout=4500ms, lastChange=0ms
2025-06-17T08:49:31,039 INFO  [master/4fdf0e11b739:16000:becomeActiveMaster] master.ServerManager: Waiting on regionserver count=1; waited=1533ms, expecting min=1 server(s), max=NO_LIMIT server(s), timeout=4500ms, lastChange=1533ms
2025-06-17T08:49:32,569 INFO  [master/4fdf0e11b739:16000:becomeActiveMaster] master.ServerManager: Waiting on regionserver count=1; waited=3063ms, expecting min=1 server(s), max=NO_LIMIT server(s), timeout=4500ms, lastChange=3063ms
2025-06-17T08:49:34,049 INFO  [master/4fdf0e11b739:16000:becomeActiveMaster] master.ServerManager: Finished waiting on RegionServer count=1; waited=4542ms, expected min=1 server(s), max=NO_LIMIT server(s), master is running
2025-06-17T08:49:34,204 INFO  [master/4fdf0e11b739:16000:becomeActiveMaster] assignment.AssignmentManager: Number of RegionServers=1
2025-06-17T08:49:34,204 INFO  [master/4fdf0e11b739:16000:becomeActiveMaster] procedure2.TimeoutExecutorThread: ADDED pid=-1, state=WAITING_TIMEOUT; org.apache.hadoop.hbase.master.assignment.AssignmentManager$RegionInTransitionChore; timeout=60000, timestamp=1750150234204
2025-06-17T08:49:34,205 INFO  [master/4fdf0e11b739:16000:becomeActiveMaster] procedure2.TimeoutExecutorThread: ADDED pid=-1, state=WAITING_TIMEOUT; org.apache.hadoop.hbase.master.assignment.AssignmentManager$DeadServerMetricRegionChore; timeout=120000, timestamp=1750150294205
2025-06-17T08:49:34,205 INFO  [master/4fdf0e11b739:16000:becomeActiveMaster] assignment.AssignmentManager: Joined the cluster in 154 msec
2025-06-17T08:49:34,247 INFO  [master/4fdf0e11b739:16000:becomeActiveMaster] hbase.ChoreService: Chore ScheduledChore name=4fdf0e11b739,16000,1750150153003-ClusterStatusChore, period=60000, unit=MILLISECONDS is enabled.
2025-06-17T08:49:34,249 INFO  [master/4fdf0e11b739:16000:becomeActiveMaster] hbase.ChoreService: Chore ScheduledChore name=4fdf0e11b739,16000,1750150153003-BalancerChore, period=300000, unit=MILLISECONDS is enabled.
2025-06-17T08:49:34,249 INFO  [master/4fdf0e11b739:16000:becomeActiveMaster] hbase.ChoreService: Chore ScheduledChore name=4fdf0e11b739,16000,1750150153003-RegionNormalizerChore, period=300000, unit=MILLISECONDS is enabled.
2025-06-17T08:49:34,252 INFO  [master/4fdf0e11b739:16000:becomeActiveMaster] hbase.ChoreService: Chore ScheduledChore name=CatalogJanitor-4fdf0e11b739:16000, period=300000, unit=MILLISECONDS is enabled.
2025-06-17T08:49:34,253 INFO  [master/4fdf0e11b739:16000:becomeActiveMaster] hbase.ChoreService: Chore ScheduledChore name=HbckChore-, period=3600000, unit=MILLISECONDS is enabled.
2025-06-17T08:49:34,276 INFO  [master/4fdf0e11b739:16000:becomeActiveMaster] master.TableNamespaceManager: Namespace table not found. Creating...
2025-06-17T08:49:34,279 INFO  [master/4fdf0e11b739:16000:becomeActiveMaster] master.HMaster: Client=null/null create 'hbase:namespace', {NAME => 'info', BLOOMFILTER => 'ROW', IN_MEMORY => 'true', VERSIONS => '10', KEEP_DELETED_CELLS => 'FALSE', DATA_BLOCK_ENCODING => 'NONE', COMPRESSION => 'NONE', TTL => 'FOREVER', MIN_VERSIONS => '0', BLOCKCACHE => 'true', BLOCKSIZE => '8192 B (8KB)', REPLICATION_SCOPE => '0'}
2025-06-17T08:49:34,308 INFO  [PEWorker-8] procedure.CreateTableProcedure: pid=4, state=RUNNABLE:CREATE_TABLE_PRE_OPERATION, locked=true; CreateTableProcedure table=hbase:namespace execute state=CREATE_TABLE_PRE_OPERATION
2025-06-17T08:49:34,318 INFO  [PEWorker-8] storefiletracker.StoreFileTrackerFactory: instantiating StoreFileTracker impl org.apache.hadoop.hbase.regionserver.storefiletracker.DefaultStoreFileTracker
2025-06-17T08:49:34,337 INFO  [PEWorker-8] procedure.CreateTableProcedure: pid=4, state=RUNNABLE:CREATE_TABLE_WRITE_FS_LAYOUT, locked=true; CreateTableProcedure table=hbase:namespace execute state=CREATE_TABLE_WRITE_FS_LAYOUT
2025-06-17T08:49:34,435 INFO  [RegionOpenAndInit-hbase:namespace-pool-0] regionserver.HRegion: creating {ENCODED => 48e6e558fbe7d28989b7535d829f9bc0, NAME => 'hbase:namespace,,1750150174278.48e6e558fbe7d28989b7535d829f9bc0.', STARTKEY => '', ENDKEY => ''}, tableDescriptor='hbase:namespace', {TABLE_ATTRIBUTES => {METADATA => {'hbase.store.file-tracker.impl' => 'DEFAULT'}}}, {NAME => 'info', BLOOMFILTER => 'ROW', IN_MEMORY => 'true', VERSIONS => '10', KEEP_DELETED_CELLS => 'FALSE', DATA_BLOCK_ENCODING => 'NONE', COMPRESSION => 'NONE', TTL => 'FOREVER', MIN_VERSIONS => '0', BLOCKCACHE => 'true', BLOCKSIZE => '8192 B (8KB)', REPLICATION_SCOPE => '0'}, regionDir=hdfs://atlas-hadoop:9000/hbase
2025-06-17T08:49:34,469 INFO  [RegionOpenAndInit-hbase:namespace-pool-0] regionserver.HRegion: Closing region hbase:namespace,,1750150174278.48e6e558fbe7d28989b7535d829f9bc0.
2025-06-17T08:49:34,470 INFO  [RegionOpenAndInit-hbase:namespace-pool-0] regionserver.HRegion: Closed hbase:namespace,,1750150174278.48e6e558fbe7d28989b7535d829f9bc0.
2025-06-17T08:49:34,480 INFO  [PEWorker-8] procedure.CreateTableProcedure: pid=4, state=RUNNABLE:CREATE_TABLE_ADD_TO_META, locked=true; CreateTableProcedure table=hbase:namespace execute state=CREATE_TABLE_ADD_TO_META
2025-06-17T08:49:34,585 INFO  [PEWorker-8] hbase.MetaTableAccessor: Added 1 regions to meta.
2025-06-17T08:49:34,590 INFO  [PEWorker-8] procedure.CreateTableProcedure: pid=4, state=RUNNABLE:CREATE_TABLE_ASSIGN_REGIONS, locked=true; CreateTableProcedure table=hbase:namespace execute state=CREATE_TABLE_ASSIGN_REGIONS
2025-06-17T08:49:34,622 INFO  [PEWorker-8] hbase.MetaTableAccessor: Updated tableName=hbase:namespace, state=ENABLING in hbase:meta
2025-06-17T08:49:34,638 INFO  [PEWorker-8] procedure2.ProcedureExecutor: Initialized subprocedures=[{pid=5, ppid=4, state=RUNNABLE:REGION_STATE_TRANSITION_GET_ASSIGN_CANDIDATE; TransitRegionStateProcedure table=hbase:namespace, region=48e6e558fbe7d28989b7535d829f9bc0, ASSIGN}]
2025-06-17T08:49:34,646 INFO  [PEWorker-9] procedure.MasterProcedureScheduler: Took xlock for pid=5, ppid=4, state=RUNNABLE:REGION_STATE_TRANSITION_GET_ASSIGN_CANDIDATE; TransitRegionStateProcedure table=hbase:namespace, region=48e6e558fbe7d28989b7535d829f9bc0, ASSIGN
2025-06-17T08:49:34,653 INFO  [PEWorker-9] assignment.TransitRegionStateProcedure: Starting pid=5, ppid=4, state=RUNNABLE:REGION_STATE_TRANSITION_GET_ASSIGN_CANDIDATE, locked=true; TransitRegionStateProcedure table=hbase:namespace, region=48e6e558fbe7d28989b7535d829f9bc0, ASSIGN; state=OFFLINE, location=4fdf0e11b739,16020,1750150154692; forceNewPlan=false, retain=false
2025-06-17T08:49:34,810 INFO  [PEWorker-10] assignment.RegionStateStore: pid=5 updating hbase:meta row=48e6e558fbe7d28989b7535d829f9bc0, regionState=OPENING, regionLocation=4fdf0e11b739,16020,1750150154692
2025-06-17T08:49:34,823 INFO  [PEWorker-10] procedure2.ProcedureExecutor: Initialized subprocedures=[{pid=6, ppid=5, state=RUNNABLE; OpenRegionProcedure 48e6e558fbe7d28989b7535d829f9bc0, server=4fdf0e11b739,16020,1750150154692}]
2025-06-17T08:49:35,099 INFO  [PEWorker-12] assignment.RegionStateStore: pid=5 updating hbase:meta row=48e6e558fbe7d28989b7535d829f9bc0, regionState=OPEN, openSeqNum=2, regionLocation=4fdf0e11b739,16020,1750150154692
2025-06-17T08:49:35,117 INFO  [PEWorker-12] procedure2.ProcedureExecutor: Finished subprocedure pid=6, resume processing ppid=5
2025-06-17T08:49:35,119 INFO  [PEWorker-12] procedure2.ProcedureExecutor: Finished pid=6, ppid=5, state=SUCCESS; OpenRegionProcedure 48e6e558fbe7d28989b7535d829f9bc0, server=4fdf0e11b739,16020,1750150154692 in 286 msec
2025-06-17T08:49:35,126 INFO  [PEWorker-13] procedure2.ProcedureExecutor: Finished subprocedure pid=5, resume processing ppid=4
2025-06-17T08:49:35,126 INFO  [PEWorker-13] procedure2.ProcedureExecutor: Finished pid=5, ppid=4, state=SUCCESS; TransitRegionStateProcedure table=hbase:namespace, region=48e6e558fbe7d28989b7535d829f9bc0, ASSIGN in 479 msec
2025-06-17T08:49:35,130 INFO  [PEWorker-14] procedure.CreateTableProcedure: pid=4, state=RUNNABLE:CREATE_TABLE_UPDATE_DESC_CACHE, locked=true; CreateTableProcedure table=hbase:namespace execute state=CREATE_TABLE_UPDATE_DESC_CACHE
2025-06-17T08:49:35,141 INFO  [PEWorker-14] hbase.MetaTableAccessor: Updated tableName=hbase:namespace, state=ENABLED in hbase:meta
2025-06-17T08:49:35,152 INFO  [PEWorker-14] procedure.CreateTableProcedure: pid=4, state=RUNNABLE:CREATE_TABLE_POST_OPERATION, locked=true; CreateTableProcedure table=hbase:namespace execute state=CREATE_TABLE_POST_OPERATION
2025-06-17T08:49:35,160 INFO  [PEWorker-14] procedure2.ProcedureExecutor: Finished pid=4, state=SUCCESS; CreateTableProcedure table=hbase:namespace in 872 msec
2025-06-17T08:49:35,348 INFO  [PEWorker-15] procedure2.ProcedureExecutor: Finished pid=7, state=SUCCESS; CreateNamespaceProcedure, namespace=default in 66 msec
2025-06-17T08:49:35,407 INFO  [PEWorker-16] procedure2.ProcedureExecutor: Finished pid=8, state=SUCCESS; CreateNamespaceProcedure, namespace=hbase in 42 msec
2025-06-17T08:49:35,429 INFO  [master/4fdf0e11b739:16000:becomeActiveMaster] master.HMaster: Master has completed initialization 17.002sec
2025-06-17T08:49:35,432 INFO  [master/4fdf0e11b739:16000:becomeActiveMaster] quotas.MasterQuotaManager: Quota support disabled
2025-06-17T08:49:35,434 INFO  [master/4fdf0e11b739:16000:becomeActiveMaster] slowlog.SlowLogMasterService: Slow/Large requests logging to system table hbase:slowlog is disabled. Quitting.
2025-06-17T08:49:35,435 INFO  [master/4fdf0e11b739:16000:becomeActiveMaster] zookeeper.ZKWatcher: not a secure deployment, proceeding
2025-06-17T08:49:35,437 INFO  [master/4fdf0e11b739:16000:becomeActiveMaster] hbase.ChoreService: Chore ScheduledChore name=4fdf0e11b739,16000,1750150153003-MobFileCleanerChore, period=86400, unit=SECONDS is enabled.
2025-06-17T08:49:35,438 INFO  [master/4fdf0e11b739:16000:becomeActiveMaster] hbase.ChoreService: Chore ScheduledChore name=4fdf0e11b739,16000,1750150153003-MobFileCompactionChore, period=604800, unit=SECONDS is enabled.
2025-06-17T08:49:35,458 INFO  [master/4fdf0e11b739:16000:becomeActiveMaster] hbase.ChoreService: Chore ScheduledChore name=RollingUpgradeChore, period=10, unit=SECONDS is enabled.
2025-06-17T08:50:15,511 INFO  [master/4fdf0e11b739:16000.Chore.1] migrate.RollingUpgradeChore: There is no table to migrate StoreFileTracker!
2025-06-17T08:50:15,513 INFO  [master/4fdf0e11b739:16000.Chore.1] migrate.RollingUpgradeChore: All Rolling-Upgrade tasks are complete, shutdown RollingUpgradeChore!
2025-06-17T09:04:20,894 INFO  [master:store-Flusher] regionserver.HRegion: Flushing 1595e783b53d99cd5eef43b6debb2682 3/3 column families, dataSize=24.45 KB heapSize=31.78 KB
2025-06-17T09:04:21,613 INFO  [master:store-Flusher] regionserver.DefaultStoreFlusher: Flushed memstore data size=504 B at sequenceid=76 (bloomFilter=true), to=hdfs://atlas-hadoop:9000/hbase/MasterData/data/master/store/1595e783b53d99cd5eef43b6debb2682/.tmp/info/459856f548794777b9e873cf3e01c3b5
2025-06-17T09:04:22,295 INFO  [master:store-Flusher] regionserver.DefaultStoreFlusher: Flushed memstore data size=23.90 KB at sequenceid=76 (bloomFilter=true), to=hdfs://atlas-hadoop:9000/hbase/MasterData/data/master/store/1595e783b53d99cd5eef43b6debb2682/.tmp/proc/2d7e91104937447f91a203af3bacc372
2025-06-17T09:04:22,324 INFO  [master:store-Flusher] regionserver.StoreFileReader: Loaded Delete Family Bloom (CompoundBloomFilter) metadata for 2d7e91104937447f91a203af3bacc372
2025-06-17T09:04:22,414 INFO  [master:store-Flusher] regionserver.DefaultStoreFlusher: Flushed memstore data size=65 B at sequenceid=76 (bloomFilter=true), to=hdfs://atlas-hadoop:9000/hbase/MasterData/data/master/store/1595e783b53d99cd5eef43b6debb2682/.tmp/rs/0ce5315104c74539b041edf6780b751e
2025-06-17T09:04:22,486 INFO  [master:store-Flusher] regionserver.HStore: Added hdfs://atlas-hadoop:9000/hbase/MasterData/data/master/store/1595e783b53d99cd5eef43b6debb2682/info/459856f548794777b9e873cf3e01c3b5, entries=8, sequenceid=76, filesize=5.4 K
2025-06-17T09:04:22,515 INFO  [master:store-Flusher] regionserver.StoreFileReader: Loaded Delete Family Bloom (CompoundBloomFilter) metadata for 2d7e91104937447f91a203af3bacc372
2025-06-17T09:04:22,516 INFO  [master:store-Flusher] regionserver.HStore: Added hdfs://atlas-hadoop:9000/hbase/MasterData/data/master/store/1595e783b53d99cd5eef43b6debb2682/proc/2d7e91104937447f91a203af3bacc372, entries=8, sequenceid=76, filesize=5.4 K
2025-06-17T09:04:22,550 INFO  [master:store-Flusher] regionserver.HStore: Added hdfs://atlas-hadoop:9000/hbase/MasterData/data/master/store/1595e783b53d99cd5eef43b6debb2682/rs/0ce5315104c74539b041edf6780b751e, entries=1, sequenceid=76, filesize=4.9 K
2025-06-17T09:04:22,560 INFO  [master:store-Flusher] regionserver.HRegion: Finished flush of dataSize ~24.45 KB/25040, heapSize ~31.73 KB/32496, currentSize=0 B/0 for 1595e783b53d99cd5eef43b6debb2682 in 1669ms, sequenceid=76, compaction requested=false
2025-06-17T09:04:30,630 INFO  [master:store-WAL-Roller] wal.AbstractFSWAL: Rolled WAL /hbase/MasterData/WALs/4fdf0e11b739,16000,1750150153003/4fdf0e11b739%2C16000%2C1750150153003.1750150160552 with entries=75, filesize=29.75 KB; new WAL /hbase/MasterData/WALs/4fdf0e11b739,16000,1750150153003/4fdf0e11b739%2C16000%2C1750150153003.1750151070547
2025-06-17T09:04:30,633 INFO  [Log-Archiver-0] wal.AbstractFSWAL: Archiving hdfs://atlas-hadoop:9000/hbase/MasterData/WALs/4fdf0e11b739,16000,1750150153003/4fdf0e11b739%2C16000%2C1750150153003.1750150160552 to hdfs://atlas-hadoop:9000/hbase/MasterData/oldWALs/4fdf0e11b739%2C16000%2C1750150153003.1750150160552
2025-06-17T09:04:30,699 INFO  [Log-Archiver-0] region.MasterRegionUtils: Moved hdfs://atlas-hadoop:9000/hbase/MasterData/oldWALs/4fdf0e11b739%2C16000%2C1750150153003.1750150160552 to hdfs://atlas-hadoop:9000/hbase/oldWALs/4fdf0e11b739%2C16000%2C1750150153003.1750150160552$masterlocalwal$
2025-06-17T09:19:22,587 INFO  [master:store-Flusher] regionserver.HRegion: Flushing 1595e783b53d99cd5eef43b6debb2682 3/3 column families, dataSize=65 B heapSize=984 B
2025-06-17T09:19:23,198 INFO  [master:store-Flusher] regionserver.DefaultStoreFlusher: Flushed memstore data size=65 B at sequenceid=81 (bloomFilter=true), to=hdfs://atlas-hadoop:9000/hbase/MasterData/data/master/store/1595e783b53d99cd5eef43b6debb2682/.tmp/proc/ddaa7f8b5e824dc0b1f14acc736e74d8
2025-06-17T09:19:23,239 INFO  [master:store-Flusher] regionserver.StoreFileReader: Loaded Delete Family Bloom (CompoundBloomFilter) metadata for ddaa7f8b5e824dc0b1f14acc736e74d8
2025-06-17T09:19:23,277 INFO  [master:store-Flusher] regionserver.StoreFileReader: Loaded Delete Family Bloom (CompoundBloomFilter) metadata for ddaa7f8b5e824dc0b1f14acc736e74d8
2025-06-17T09:19:23,278 INFO  [master:store-Flusher] regionserver.HStore: Added hdfs://atlas-hadoop:9000/hbase/MasterData/data/master/store/1595e783b53d99cd5eef43b6debb2682/proc/ddaa7f8b5e824dc0b1f14acc736e74d8, entries=1, sequenceid=81, filesize=4.9 K
2025-06-17T09:19:23,284 INFO  [master:store-Flusher] regionserver.HRegion: Finished flush of dataSize ~65 B/65, heapSize ~456 B/456, currentSize=0 B/0 for 1595e783b53d99cd5eef43b6debb2682 in 699ms, sequenceid=81, compaction requested=false
2025-06-17T09:19:30,921 INFO  [master:store-WAL-Roller] wal.AbstractFSWAL: Rolled WAL /hbase/MasterData/WALs/4fdf0e11b739,16000,1750150153003/4fdf0e11b739%2C16000%2C1750150153003.1750151070547 with entries=4, filesize=808 B; new WAL /hbase/MasterData/WALs/4fdf0e11b739,16000,1750150153003/4fdf0e11b739%2C16000%2C1750150153003.1750151970844
2025-06-17T09:19:30,926 INFO  [Log-Archiver-0] wal.AbstractFSWAL: Archiving hdfs://atlas-hadoop:9000/hbase/MasterData/WALs/4fdf0e11b739,16000,1750150153003/4fdf0e11b739%2C16000%2C1750150153003.1750151070547 to hdfs://atlas-hadoop:9000/hbase/MasterData/oldWALs/4fdf0e11b739%2C16000%2C1750150153003.1750151070547
2025-06-17T09:19:30,941 WARN  [Close-WAL-Writer-1] asyncfs.FanOutOneBlockAsyncDFSOutputHelper: complete file /hbase/MasterData/WALs/4fdf0e11b739,16000,1750150153003/4fdf0e11b739%2C16000%2C1750150153003.1750151070547 not finished, retry = 0
2025-06-17T09:19:30,950 INFO  [Log-Archiver-0] region.MasterRegionUtils: Moved hdfs://atlas-hadoop:9000/hbase/MasterData/oldWALs/4fdf0e11b739%2C16000%2C1750150153003.1750151070547 to hdfs://atlas-hadoop:9000/hbase/oldWALs/4fdf0e11b739%2C16000%2C1750150153003.1750151070547$masterlocalwal$
2025-06-17T09:34:31,259 INFO  [master:store-WAL-Roller] wal.AbstractFSWAL: Rolled WAL /hbase/MasterData/WALs/4fdf0e11b739,16000,1750150153003/4fdf0e11b739%2C16000%2C1750150153003.1750151970844 with entries=0, filesize=85 B; new WAL /hbase/MasterData/WALs/4fdf0e11b739,16000,1750150153003/4fdf0e11b739%2C16000%2C1750150153003.1750152871127
2025-06-17T09:34:31,261 INFO  [Log-Archiver-0] wal.AbstractFSWAL: Archiving hdfs://atlas-hadoop:9000/hbase/MasterData/WALs/4fdf0e11b739,16000,1750150153003/4fdf0e11b739%2C16000%2C1750150153003.1750151970844 to hdfs://atlas-hadoop:9000/hbase/MasterData/oldWALs/4fdf0e11b739%2C16000%2C1750150153003.1750151970844
2025-06-17T09:34:31,287 INFO  [Log-Archiver-0] region.MasterRegionUtils: Moved hdfs://atlas-hadoop:9000/hbase/MasterData/oldWALs/4fdf0e11b739%2C16000%2C1750150153003.1750151970844 to hdfs://atlas-hadoop:9000/hbase/oldWALs/4fdf0e11b739%2C16000%2C1750150153003.1750151970844$masterlocalwal$
2025-06-17T09:34:31,287 WARN  [Close-WAL-Writer-2] asyncfs.FanOutOneBlockAsyncDFSOutputHelper: complete file /hbase/MasterData/WALs/4fdf0e11b739,16000,1750150153003/4fdf0e11b739%2C16000%2C1750150153003.1750151970844 not finished, retry = 0
2025-06-17T09:49:31,574 INFO  [master:store-WAL-Roller] wal.AbstractFSWAL: Rolled WAL /hbase/MasterData/WALs/4fdf0e11b739,16000,1750150153003/4fdf0e11b739%2C16000%2C1750150153003.1750152871127 with entries=0, filesize=85 B; new WAL /hbase/MasterData/WALs/4fdf0e11b739,16000,1750150153003/4fdf0e11b739%2C16000%2C1750150153003.1750153771471
2025-06-17T09:49:31,586 INFO  [Log-Archiver-0] wal.AbstractFSWAL: Archiving hdfs://atlas-hadoop:9000/hbase/MasterData/WALs/4fdf0e11b739,16000,1750150153003/4fdf0e11b739%2C16000%2C1750150153003.1750152871127 to hdfs://atlas-hadoop:9000/hbase/MasterData/oldWALs/4fdf0e11b739%2C16000%2C1750150153003.1750152871127
2025-06-17T09:49:31,606 WARN  [Close-WAL-Writer-3] asyncfs.FanOutOneBlockAsyncDFSOutputHelper: complete file /hbase/MasterData/WALs/4fdf0e11b739,16000,1750150153003/4fdf0e11b739%2C16000%2C1750150153003.1750152871127 not finished, retry = 0
2025-06-17T09:49:31,621 INFO  [Log-Archiver-0] region.MasterRegionUtils: Moved hdfs://atlas-hadoop:9000/hbase/MasterData/oldWALs/4fdf0e11b739%2C16000%2C1750150153003.1750152871127 to hdfs://atlas-hadoop:9000/hbase/oldWALs/4fdf0e11b739%2C16000%2C1750150153003.1750152871127$masterlocalwal$
2025-06-17T09:49:34,398 INFO  [master/4fdf0e11b739:16000.Chore.1] hbck.HbckChore: Loaded 2 regions (0 disabled, 0 split parents) from in-memory state
2025-06-17T09:49:34,402 INFO  [master/4fdf0e11b739:16000.Chore.1] hbck.HbckChore: Loaded 2 regions from 1 regionservers' reports and found 0 orphan regions
2025-06-17T09:49:34,439 INFO  [master/4fdf0e11b739:16000.Chore.1] hbck.HbckChore: Loaded 2 tables 2 regions from filesystem and found 0 orphan regions
2025-06-17T10:04:31,924 INFO  [master:store-WAL-Roller] wal.AbstractFSWAL: Rolled WAL /hbase/MasterData/WALs/4fdf0e11b739,16000,1750150153003/4fdf0e11b739%2C16000%2C1750150153003.1750153771471 with entries=0, filesize=85 B; new WAL /hbase/MasterData/WALs/4fdf0e11b739,16000,1750150153003/4fdf0e11b739%2C16000%2C1750150153003.1750154671785
2025-06-17T10:04:31,926 INFO  [Log-Archiver-0] wal.AbstractFSWAL: Archiving hdfs://atlas-hadoop:9000/hbase/MasterData/WALs/4fdf0e11b739,16000,1750150153003/4fdf0e11b739%2C16000%2C1750150153003.1750153771471 to hdfs://atlas-hadoop:9000/hbase/MasterData/oldWALs/4fdf0e11b739%2C16000%2C1750150153003.1750153771471
2025-06-17T10:04:31,951 INFO  [Log-Archiver-0] region.MasterRegionUtils: Moved hdfs://atlas-hadoop:9000/hbase/MasterData/oldWALs/4fdf0e11b739%2C16000%2C1750150153003.1750153771471 to hdfs://atlas-hadoop:9000/hbase/oldWALs/4fdf0e11b739%2C16000%2C1750150153003.1750153771471$masterlocalwal$
2025-06-17T10:04:31,955 WARN  [Close-WAL-Writer-4] asyncfs.FanOutOneBlockAsyncDFSOutputHelper: complete file /hbase/MasterData/WALs/4fdf0e11b739,16000,1750150153003/4fdf0e11b739%2C16000%2C1750150153003.1750153771471 not finished, retry = 0
