Tue Jun 17 08:49:10 UTC 2025 Starting regionserver on 4fdf0e11b739
core file size          (blocks, -c) 0
data seg size           (kbytes, -d) unlimited
scheduling priority             (-e) 0
file size               (blocks, -f) unlimited
pending signals                 (-i) 55819
max locked memory       (kbytes, -l) unlimited
max memory size         (kbytes, -m) unlimited
open files                      (-n) 1024
pipe size            (512 bytes, -p) 8
POSIX message queues     (bytes, -q) 819200
real-time priority              (-r) 0
stack size              (kbytes, -s) 8192
cpu time               (seconds, -t) unlimited
max user processes              (-u) unlimited
virtual memory          (kbytes, -v) unlimited
file locks                      (-x) unlimited
2025-06-17T08:49:14,372 INFO  [main] regionserver.HRegionServer: STARTING executorService HRegionServer
2025-06-17T08:49:14,379 INFO  [main] util.VersionInfo: HBase 2.5.0
2025-06-17T08:49:14,380 INFO  [main] util.VersionInfo: Source code repository git://07dd39516198/home/ndimiduk/hbase-rm/output/hbase revision=2ecd8bd6d615ca49bfb329b3c0c126c80846d4ab
2025-06-17T08:49:14,381 INFO  [main] util.VersionInfo: Compiled by ndimiduk on Tue Aug 23 15:58:57 UTC 2022
2025-06-17T08:49:14,383 INFO  [main] util.VersionInfo: From source with checksum 1b8804cc0906de24e1a5e80737681f53ccf396f7af467da39ad611ab78fffc5be1a83fe8902e324a6a0d149f031e65c19112e0ba2c565b6b16892e5a7ab16778
2025-06-17T08:49:14,621 INFO  [main] util.ServerCommandLine: hbase.tmp.dir: /tmp/hbase-hbase
2025-06-17T08:49:14,622 INFO  [main] util.ServerCommandLine: hbase.rootdir: hdfs://atlas-hadoop:9000/hbase
2025-06-17T08:49:14,623 INFO  [main] util.ServerCommandLine: hbase.cluster.distributed: true
2025-06-17T08:49:14,624 INFO  [main] util.ServerCommandLine: hbase.zookeeper.quorum: atlas-zk
2025-06-17T08:49:14,625 INFO  [main] util.ServerCommandLine: env:PATH=/usr/local/sbin:/usr/local/bin:/usr/sbin:/usr/bin:/sbin:/bin:/usr/games:/usr/local/games:/snap/bin
2025-06-17T08:49:14,626 INFO  [main] util.ServerCommandLine: env:HBASE_LOGFILE=hbase-hbase-regionserver-4fdf0e11b739.log
2025-06-17T08:49:14,626 INFO  [main] util.ServerCommandLine: env:JAVA_HOME=/usr/lib/jvm/java-11-openjdk-amd64
2025-06-17T08:49:14,628 INFO  [main] util.ServerCommandLine: env:TERM=xterm
2025-06-17T08:49:14,630 INFO  [main] util.ServerCommandLine: env:MAIL=/var/mail/hbase
2025-06-17T08:49:14,630 INFO  [main] util.ServerCommandLine: env:ATLAS_HOME=/opt/atlas
2025-06-17T08:49:14,630 INFO  [main] util.ServerCommandLine: env:JVM_PID=383
2025-06-17T08:49:14,630 INFO  [main] util.ServerCommandLine: env:LOGNAME=hbase
2025-06-17T08:49:14,630 INFO  [main] util.ServerCommandLine: env:HBASE_REST_OPTS=
2025-06-17T08:49:14,631 INFO  [main] util.ServerCommandLine: env:HBASE_VERSION="2.5.0"
2025-06-17T08:49:14,631 INFO  [main] util.ServerCommandLine: env:PWD=/
2025-06-17T08:49:14,631 INFO  [main] util.ServerCommandLine: env:ATLAS_DIST=/home/atlas/dist
2025-06-17T08:49:14,631 INFO  [main] util.ServerCommandLine: env:HBASE_ROOT_LOGGER=INFO,RFA
2025-06-17T08:49:14,631 INFO  [main] util.ServerCommandLine: env:SHELL=/bin/bash
2025-06-17T08:49:14,631 INFO  [main] util.ServerCommandLine: env:HBASE_ENV_INIT=true
2025-06-17T08:49:14,632 INFO  [main] util.ServerCommandLine: env:HBASE_IDENT_STRING=hbase
2025-06-17T08:49:14,632 INFO  [main] util.ServerCommandLine: env:HBASE_ZNODE_FILE=/tmp/hbase-hbase-regionserver.znode
2025-06-17T08:49:14,634 INFO  [main] util.ServerCommandLine: env:HBASE_LOG_PREFIX=hbase-hbase-regionserver-4fdf0e11b739
2025-06-17T08:49:14,636 INFO  [main] util.ServerCommandLine: env:HBASE_LOG_DIR=/opt/hbase/logs
2025-06-17T08:49:14,636 INFO  [main] util.ServerCommandLine: env:USER=hbase
2025-06-17T08:49:14,638 INFO  [main] util.ServerCommandLine: stence.core-2.7.4.jar:/opt/hbase/lib/jdk11/org.eclipse.persistence.moxy-2.7.4.jar:/opt/hbase/lib/jdk11/org.eclipse.persistence.sdo-2.7.4.jar:/opt/hbase/lib/jdk11/pfl-asm-4.0.1.jar:/opt/hbase/lib/jdk11/pfl-basic-4.0.1.jar:/opt/hbase/lib/jdk11/pfl-basic-tools-4.0.1.jar:/opt/hbase/lib/jdk11/pfl-dynamic-4.0.1.jar:/opt/hbase/lib/jdk11/pfl-tf-4.0.1.jar:/opt/hbase/lib/jdk11/pfl-tf-tools-4.0.1.jar:/opt/hbase/lib/jdk11/policy-2.7.6.jar:/opt/hbase/lib/jdk11/release-documentation-2.3.2-docbook.zip:/opt/hbase/lib/jdk11/saaj-impl-1.5.1.jar:/opt/hbase/lib/jdk11/samples-2.3.2.zip:/opt/hbase/lib/jdk11/sdo-eclipselink-plugin-2.3.2.jar:/opt/hbase/lib/jdk11/stax-ex-1.8.1.jar:/opt/hbase/lib/jdk11/streambuffer-1.5.7.jar:/opt/hbase/lib/jdk11/txw2-2.3.2.jar:/opt/hbase/lib/client-facing-thirdparty/log4j-1.2-api-2.17.2.jar:/opt/hbase/lib/client-facing-thirdparty/log4j-api-2.17.2.jar:/opt/hbase/lib/client-facing-thirdparty/log4j-core-2.17.2.jar:/opt/hbase/lib/client-facing-thirdparty/log4j-slf4j-impl-2.17.2.jar
2025-06-17T08:49:14,638 INFO  [main] util.ServerCommandLine: env:ATLAS_SCRIPTS=/home/atlas/scripts
2025-06-17T08:49:14,639 INFO  [main] util.ServerCommandLine: env:HBASE_AUTOSTART_FILE=/tmp/hbase-hbase-regionserver.autostart
2025-06-17T08:49:14,639 INFO  [main] util.ServerCommandLine: env:SED=sed
2025-06-17T08:49:14,639 INFO  [main] util.ServerCommandLine: env:HOSTNAME=4fdf0e11b739
2025-06-17T08:49:14,639 INFO  [main] util.ServerCommandLine: env:GREP=grep
2025-06-17T08:49:14,640 INFO  [main] util.ServerCommandLine: env:HBASE_NICENESS=0
2025-06-17T08:49:14,640 INFO  [main] util.ServerCommandLine: env:HBASE_SECURITY_LOGGER=INFO,RFAS
2025-06-17T08:49:14,640 INFO  [main] util.ServerCommandLine: env:HBASE_OPTS=-XX:+UseG1GC -Djava.util.logging.config.class=org.apache.hadoop.hbase.logging.JulToSlf4jInitializer   -Dio.netty.tryReflectionSetAccessible=true --illegal-access=permit --add-modules jdk.unsupported --add-opens java.base/java.nio=ALL-UNNAMED --add-opens java.base/sun.nio.ch=ALL-UNNAMED --add-opens java.base/java.lang=ALL-UNNAMED --add-opens java.base/jdk.internal.ref=ALL-UNNAMED --add-opens java.base/java.lang.reflect=ALL-UNNAMED --add-exports java.base/jdk.internal.misc=ALL-UNNAMED -Dhbase.log.dir=/opt/hbase/logs -Dhbase.log.file=hbase-hbase-regionserver-4fdf0e11b739.log -Dhbase.home.dir=/opt/hbase -Dhbase.id.str=hbase -Dhbase.root.logger=INFO,RFA -Dhbase.security.logger=INFO,RFAS
2025-06-17T08:49:14,640 INFO  [main] util.ServerCommandLine: env:HBASE_HOME=/opt/hbase
2025-06-17T08:49:14,640 INFO  [main] util.ServerCommandLine: env:HBASE_THRIFT_OPTS=
2025-06-17T08:49:14,641 INFO  [main] util.ServerCommandLine: env:ATLAS_VERSION="2.4.0"
2025-06-17T08:49:14,641 INFO  [main] util.ServerCommandLine: env:SHLVL=2
2025-06-17T08:49:14,641 INFO  [main] util.ServerCommandLine: env:HOME=/home/hbase
2025-06-17T08:49:14,641 INFO  [main] util.ServerCommandLine: env:MALLOC_ARENA_MAX=4
2025-06-17T08:49:14,641 INFO  [main] util.ServerCommandLine: vmName=OpenJDK 64-Bit Server VM, vmVendor=Ubuntu, vmVersion=11.0.27+6-post-Ubuntu-0ubuntu120.04
2025-06-17T08:49:14,642 INFO  [main] util.ServerCommandLine: vmInputArguments=[-Dproc_regionserver, -XX:OnOutOfMemoryError=kill -9 %p, -XX:+UseG1GC, -Djava.util.logging.config.class=org.apache.hadoop.hbase.logging.JulToSlf4jInitializer, -Dio.netty.tryReflectionSetAccessible=true, --illegal-access=permit, --add-modules=jdk.unsupported, --add-opens=java.base/java.nio=ALL-UNNAMED, --add-opens=java.base/sun.nio.ch=ALL-UNNAMED, --add-opens=java.base/java.lang=ALL-UNNAMED, --add-opens=java.base/jdk.internal.ref=ALL-UNNAMED, --add-opens=java.base/java.lang.reflect=ALL-UNNAMED, --add-exports=java.base/jdk.internal.misc=ALL-UNNAMED, -Dhbase.log.dir=/opt/hbase/logs, -Dhbase.log.file=hbase-hbase-regionserver-4fdf0e11b739.log, -Dhbase.home.dir=/opt/hbase, -Dhbase.id.str=hbase, -Dhbase.root.logger=INFO,RFA, -Dhbase.security.logger=INFO,RFAS]
2025-06-17T08:49:15,273 INFO  [main] metrics.MetricRegistries: Loaded MetricRegistries class org.apache.hadoop.hbase.metrics.impl.MetricRegistriesImpl
2025-06-17T08:49:15,320 WARN  [main] util.NativeCodeLoader: Unable to load native-hadoop library for your platform... using builtin-java classes where applicable
2025-06-17T08:49:15,640 INFO  [main] regionserver.RSRpcServices: regionserver/4fdf0e11b739:16020 server-side Connection retries=45
2025-06-17T08:49:15,667 INFO  [main] ipc.RpcExecutor: Instantiated default.FPBQ.Fifo with queueClass=class java.util.concurrent.LinkedBlockingQueue; numCallQueues=3, maxQueueLength=300, handlerCount=30
2025-06-17T08:49:15,669 INFO  [main] ipc.RpcExecutor: Instantiated priority.RWQ.Fifo with queueClass=class java.util.concurrent.LinkedBlockingQueue; numCallQueues=2, maxQueueLength=200, handlerCount=20
2025-06-17T08:49:15,670 INFO  [main] ipc.RWQueueRpcExecutor: priority.RWQ.Fifo writeQueues=1 writeHandlers=2 readQueues=1 readHandlers=18 scanQueues=0 scanHandlers=0
2025-06-17T08:49:15,670 INFO  [main] ipc.RpcExecutor: Instantiated replication.FPBQ.Fifo with queueClass=class java.util.concurrent.LinkedBlockingQueue; numCallQueues=1, maxQueueLength=30, handlerCount=3
2025-06-17T08:49:15,670 INFO  [main] ipc.RpcExecutor: Instantiated metaPriority.FPBQ.Fifo with queueClass=class java.util.concurrent.LinkedBlockingQueue; numCallQueues=1, maxQueueLength=200, handlerCount=1
2025-06-17T08:49:15,785 INFO  [main] ipc.RpcServerFactory: Creating org.apache.hadoop.hbase.ipc.NettyRpcServer hosting hbase.pb.ClientService, hbase.pb.AdminService, hbase.pb.ClientMetaService
2025-06-17T08:49:15,886 INFO  [main] ipc.NettyRpcServer: Using org.apache.hbase.thirdparty.io.netty.buffer.PooledByteBufAllocator for buffer allocation
2025-06-17T08:49:16,116 INFO  [main] ipc.NettyRpcServer: Bind to /172.21.0.9:16020
2025-06-17T08:49:16,214 INFO  [main] Configuration.deprecation: hbase.client.pause.cqtbe is deprecated. Instead, use hbase.client.pause.server.overloaded
2025-06-17T08:49:16,394 INFO  [main] hfile.BlockCacheFactory: Allocating BlockCache size=1.36 GB, blockSize=64 KB
2025-06-17T08:49:17,151 INFO  [main] fs.HFileSystem: Added intercepting call to namenode#getBlockLocations so can do block reordering using class org.apache.hadoop.hbase.fs.HFileSystem$ReorderWALBlocks
2025-06-17T08:49:17,160 INFO  [main] fs.HFileSystem: Added intercepting call to namenode#getBlockLocations so can do block reordering using class org.apache.hadoop.hbase.fs.HFileSystem$ReorderWALBlocks
2025-06-17T08:49:17,199 INFO  [main] zookeeper.RecoverableZooKeeper: Process identifier=regionserver:16020 connecting to ZooKeeper ensemble=atlas-zk:2181
2025-06-17T08:49:17,207 INFO  [main] zookeeper.ZooKeeper: Client environment:zookeeper.version=3.5.7-f0fdd52973d373ffd9c86b81d99842dc2c7f660e, built on 02/10/2020 11:30 GMT
2025-06-17T08:49:17,207 INFO  [main] zookeeper.ZooKeeper: Client environment:host.name=4fdf0e11b739
2025-06-17T08:49:17,207 INFO  [main] zookeeper.ZooKeeper: Client environment:java.version=11.0.27
2025-06-17T08:49:17,207 INFO  [main] zookeeper.ZooKeeper: Client environment:java.vendor=Ubuntu
2025-06-17T08:49:17,208 INFO  [main] zookeeper.ZooKeeper: Client environment:java.home=/usr/lib/jvm/java-11-openjdk-amd64
2025-06-17T08:49:17,208 INFO  [main] zookeeper.ZooKeeper: stence.core-2.7.4.jar:/opt/hbase/lib/jdk11/org.eclipse.persistence.moxy-2.7.4.jar:/opt/hbase/lib/jdk11/org.eclipse.persistence.sdo-2.7.4.jar:/opt/hbase/lib/jdk11/pfl-asm-4.0.1.jar:/opt/hbase/lib/jdk11/pfl-basic-4.0.1.jar:/opt/hbase/lib/jdk11/pfl-basic-tools-4.0.1.jar:/opt/hbase/lib/jdk11/pfl-dynamic-4.0.1.jar:/opt/hbase/lib/jdk11/pfl-tf-4.0.1.jar:/opt/hbase/lib/jdk11/pfl-tf-tools-4.0.1.jar:/opt/hbase/lib/jdk11/policy-2.7.6.jar:/opt/hbase/lib/jdk11/release-documentation-2.3.2-docbook.zip:/opt/hbase/lib/jdk11/saaj-impl-1.5.1.jar:/opt/hbase/lib/jdk11/samples-2.3.2.zip:/opt/hbase/lib/jdk11/sdo-eclipselink-plugin-2.3.2.jar:/opt/hbase/lib/jdk11/stax-ex-1.8.1.jar:/opt/hbase/lib/jdk11/streambuffer-1.5.7.jar:/opt/hbase/lib/jdk11/txw2-2.3.2.jar:/opt/hbase/lib/client-facing-thirdparty/log4j-1.2-api-2.17.2.jar:/opt/hbase/lib/client-facing-thirdparty/log4j-api-2.17.2.jar:/opt/hbase/lib/client-facing-thirdparty/log4j-core-2.17.2.jar:/opt/hbase/lib/client-facing-thirdparty/log4j-slf4j-impl-2.17.2.jar
2025-06-17T08:49:17,208 INFO  [main] zookeeper.ZooKeeper: Client environment:java.library.path=/usr/java/packages/lib:/usr/lib/x86_64-linux-gnu/jni:/lib/x86_64-linux-gnu:/usr/lib/x86_64-linux-gnu:/usr/lib/jni:/lib:/usr/lib
2025-06-17T08:49:17,208 INFO  [main] zookeeper.ZooKeeper: Client environment:java.io.tmpdir=/tmp
2025-06-17T08:49:17,208 INFO  [main] zookeeper.ZooKeeper: Client environment:java.compiler=<NA>
2025-06-17T08:49:17,208 INFO  [main] zookeeper.ZooKeeper: Client environment:os.name=Linux
2025-06-17T08:49:17,208 INFO  [main] zookeeper.ZooKeeper: Client environment:os.arch=amd64
2025-06-17T08:49:17,209 INFO  [main] zookeeper.ZooKeeper: Client environment:os.version=6.10.14-linuxkit
2025-06-17T08:49:17,209 INFO  [main] zookeeper.ZooKeeper: Client environment:user.name=hbase
2025-06-17T08:49:17,209 INFO  [main] zookeeper.ZooKeeper: Client environment:user.home=/home/hbase
2025-06-17T08:49:17,209 INFO  [main] zookeeper.ZooKeeper: Client environment:user.dir=/
2025-06-17T08:49:17,209 INFO  [main] zookeeper.ZooKeeper: Client environment:os.memory.free=195MB
2025-06-17T08:49:17,209 INFO  [main] zookeeper.ZooKeeper: Client environment:os.memory.max=3492MB
2025-06-17T08:49:17,209 INFO  [main] zookeeper.ZooKeeper: Client environment:os.memory.total=222MB
2025-06-17T08:49:17,211 INFO  [main] zookeeper.ZooKeeper: Initiating client connection, connectString=atlas-zk:2181 sessionTimeout=90000 watcher=org.apache.hadoop.hbase.zookeeper.PendingWatcher@7a6ea47d
2025-06-17T08:49:17,215 INFO  [main] common.X509Util: Setting -D jdk.tls.rejectClientInitiatedRenegotiation=true to disable client-initiated TLS renegotiation
2025-06-17T08:49:17,219 INFO  [main] zookeeper.ClientCnxnSocket: jute.maxbuffer value is 4194304 Bytes
2025-06-17T08:49:17,225 INFO  [main] zookeeper.ClientCnxn: zookeeper.request.timeout value is 0. feature enabled=
2025-06-17T08:49:17,260 INFO  [main-SendThread(atlas-zk:2181)] zookeeper.ClientCnxn: Opening socket connection to server atlas-zk/172.21.0.5:2181. Will not attempt to authenticate using SASL (unknown error)
2025-06-17T08:49:17,274 INFO  [main-SendThread(atlas-zk:2181)] zookeeper.ClientCnxn: Socket connection established, initiating session, client: /172.21.0.9:44922, server: atlas-zk/172.21.0.5:2181
2025-06-17T08:49:17,288 INFO  [main-SendThread(atlas-zk:2181)] zookeeper.ClientCnxn: Session establishment complete on server atlas-zk/172.21.0.5:2181, sessionid = 0x100003774c50002, negotiated timeout = 40000
2025-06-17T08:49:17,396 INFO  [main] util.log: Logging initialized @5515ms to org.apache.hbase.thirdparty.org.eclipse.jetty.util.log.Slf4jLog
2025-06-17T08:49:17,509 INFO  [main] http.HttpServer: Added global filter 'safety' (class=org.apache.hadoop.hbase.http.HttpServer$QuotingInputFilter)
2025-06-17T08:49:17,513 INFO  [main] http.HttpServer: Added global filter 'clickjackingprevention' (class=org.apache.hadoop.hbase.http.ClickjackingPreventionFilter)
2025-06-17T08:49:17,515 INFO  [main] http.HttpServer: Added global filter 'securityheaders' (class=org.apache.hadoop.hbase.http.SecurityHeadersFilter)
2025-06-17T08:49:17,517 INFO  [main] http.HttpServer: Added filter static_user_filter (class=org.apache.hadoop.hbase.http.lib.StaticUserWebFilter$StaticUserFilter) to context regionserver
2025-06-17T08:49:17,519 INFO  [main] http.HttpServer: Added filter static_user_filter (class=org.apache.hadoop.hbase.http.lib.StaticUserWebFilter$StaticUserFilter) to context logs
2025-06-17T08:49:17,519 INFO  [main] http.HttpServer: Added filter static_user_filter (class=org.apache.hadoop.hbase.http.lib.StaticUserWebFilter$StaticUserFilter) to context static
2025-06-17T08:49:17,539 INFO  [main] http.HttpServer: ASYNC_PROFILER_HOME environment variable and async.profiler.home system property not specified. Disabling /prof endpoint.
2025-06-17T08:49:17,602 INFO  [main] http.HttpServer: Jetty bound to port 16030
2025-06-17T08:49:17,604 INFO  [main] server.Server: jetty-9.4.46.v20220331; built: 2022-03-31T16:38:08.030Z; git: bc17a0369a11ecf40bb92c839b9ef0a8ac50ea18; jvm 11.0.27+6-post-Ubuntu-0ubuntu120.04
2025-06-17T08:49:17,655 INFO  [main] http.SecurityHeadersFilter: Added security headers filter
2025-06-17T08:49:17,660 INFO  [main] handler.ContextHandler: Started o.a.h.t.o.e.j.s.ServletContextHandler@125d47c4{logs,/logs,file:///opt/hbase/logs/,AVAILABLE}
2025-06-17T08:49:17,662 INFO  [main] http.SecurityHeadersFilter: Added security headers filter
2025-06-17T08:49:17,665 INFO  [main] handler.ContextHandler: Started o.a.h.t.o.e.j.s.ServletContextHandler@131a7516{static,/static,file:///opt/hbase-2.5.0/hbase-webapps/static/,AVAILABLE}
2025-06-17T08:49:17,790 INFO  [main] webapp.StandardDescriptorProcessor: NO JSP Support for /, did not find org.apache.hbase.thirdparty.org.eclipse.jetty.jsp.JettyJspServlet
2025-06-17T08:49:17,802 INFO  [main] server.session: DefaultSessionIdManager workerName=node0
2025-06-17T08:49:17,803 INFO  [main] server.session: No SessionScavenger set, using defaults
2025-06-17T08:49:17,805 INFO  [main] server.session: node0 Scavenging every 600000ms
2025-06-17T08:49:17,814 INFO  [main] http.SecurityHeadersFilter: Added security headers filter
2025-06-17T08:49:17,834 INFO  [main] handler.ContextHandler: Started o.a.h.t.o.e.j.w.WebAppContext@a90e2c1{regionserver,/,file:///opt/hbase-2.5.0/hbase-webapps/regionserver/,AVAILABLE}{file:/opt/hbase-2.5.0/hbase-webapps/regionserver}
2025-06-17T08:49:17,853 INFO  [main] server.AbstractConnector: Started ServerConnector@365afe87{HTTP/1.1, (http/1.1)}{0.0.0.0:16030}
2025-06-17T08:49:17,853 INFO  [main] server.Server: Started @5976ms
2025-06-17T08:49:21,123 INFO  [regionserver/4fdf0e11b739:16020] regionserver.HRegionServer: ClusterId : 257ffa4d-cf67-4aff-ac0a-90206dcbb063
2025-06-17T08:49:21,288 INFO  [regionserver/4fdf0e11b739:16020] regionserver.RegionServerCoprocessorHost: System coprocessor loading is enabled
2025-06-17T08:49:21,288 INFO  [regionserver/4fdf0e11b739:16020] regionserver.RegionServerCoprocessorHost: Table coprocessor loading is enabled
2025-06-17T08:49:21,294 INFO  [regionserver/4fdf0e11b739:16020] regionserver.HRegionServer: reportForDuty to master=4fdf0e11b739,16000,1750150153003 with isa=4fdf0e11b739/172.21.0.9:16020, startcode=1750150154692
2025-06-17T08:49:21,588 WARN  [regionserver/4fdf0e11b739:16020] regionserver.HRegionServer: reportForDuty failed; sleeping 3000 ms and then retrying.
2025-06-17T08:49:24,594 INFO  [regionserver/4fdf0e11b739:16020] regionserver.HRegionServer: reportForDuty to master=4fdf0e11b739,16000,1750150153003 with isa=4fdf0e11b739/172.21.0.9:16020, startcode=1750150154692
2025-06-17T08:49:24,667 INFO  [regionserver/4fdf0e11b739:16020] wal.WALFactory: Instantiating WALProvider of type class org.apache.hadoop.hbase.wal.AsyncFSWALProvider
2025-06-17T08:49:24,797 INFO  [regionserver/4fdf0e11b739:16020] regionserver.MetricsRegionServerWrapperImpl: Computing regionserver metrics every 5000 milliseconds
2025-06-17T08:49:24,844 INFO  [regionserver/4fdf0e11b739:16020] regionserver.MemStoreFlusher: globalMemStoreLimit=1.4 G, globalMemStoreLimitLowMark=1.3 G, Offheap=false
2025-06-17T08:49:24,869 INFO  [regionserver/4fdf0e11b739:16020] throttle.PressureAwareCompactionThroughputController: Compaction throughput configurations, higher bound: 100.00 MB/second, lower bound 50.00 MB/second, off peak: unlimited, tuning period: 60000 ms
2025-06-17T08:49:24,871 INFO  [regionserver/4fdf0e11b739:16020] hbase.ChoreService: Chore ScheduledChore name=CompactionThroughputTuner, period=60000, unit=MILLISECONDS is enabled.
2025-06-17T08:49:24,873 INFO  [regionserver/4fdf0e11b739:16020] regionserver.HRegionServer: CompactionChecker runs every PT10S
2025-06-17T08:49:24,946 INFO  [regionserver/4fdf0e11b739:16020] hbase.ChoreService: Chore ScheduledChore name=CompactedHFilesCleaner, period=120000, unit=MILLISECONDS is enabled.
2025-06-17T08:49:24,953 INFO  [regionserver/4fdf0e11b739:16020] hbase.ChoreService: Chore ScheduledChore name=CompactionChecker, period=10000, unit=MILLISECONDS is enabled.
2025-06-17T08:49:24,954 INFO  [regionserver/4fdf0e11b739:16020] hbase.ChoreService: Chore ScheduledChore name=MemstoreFlusherChore, period=10000, unit=MILLISECONDS is enabled.
2025-06-17T08:49:24,954 INFO  [regionserver/4fdf0e11b739:16020] hbase.ChoreService: Chore ScheduledChore name=nonceCleaner, period=360000, unit=MILLISECONDS is enabled.
2025-06-17T08:49:24,955 INFO  [regionserver/4fdf0e11b739:16020] hbase.ChoreService: Chore ScheduledChore name=BrokenStoreFileCleaner, period=21600000, unit=MILLISECONDS is enabled.
2025-06-17T08:49:24,955 INFO  [regionserver/4fdf0e11b739:16020] hbase.ChoreService: Chore ScheduledChore name=4fdf0e11b739,16020,1750150154692-MobFileCleanerChore, period=86400, unit=SECONDS is enabled.
2025-06-17T08:49:24,975 INFO  [regionserver/4fdf0e11b739:16020] regionserver.HeapMemoryManager: Starting, tuneOn=false
2025-06-17T08:49:25,016 INFO  [regionserver/4fdf0e11b739:16020] hbase.ChoreService: Chore ScheduledChore name=4fdf0e11b739,16020,1750150154692-HeapMemoryTunerChore, period=60000, unit=MILLISECONDS is enabled.
2025-06-17T08:49:25,021 INFO  [regionserver/4fdf0e11b739:16020] regionserver.ChunkCreator: Allocating data MemStoreChunkPool with chunk size 2 MB, max count 628, initial count 0
2025-06-17T08:49:25,024 INFO  [regionserver/4fdf0e11b739:16020] regionserver.ChunkCreator: Allocating index MemStoreChunkPool with chunk size 204.80 KB, max count 698, initial count 0
2025-06-17T08:49:25,068 INFO  [regionserver/4fdf0e11b739:16020] regionserver.Replication: 4fdf0e11b739,16020,1750150154692 started
2025-06-17T08:49:25,069 INFO  [regionserver/4fdf0e11b739:16020] regionserver.HRegionServer: Serving as 4fdf0e11b739,16020,1750150154692, RpcServer on 4fdf0e11b739/172.21.0.9:16020, sessionid=0x100003774c50002
2025-06-17T08:49:25,081 INFO  [regionserver/4fdf0e11b739:16020] quotas.RegionServerRpcQuotaManager: Quota support disabled
2025-06-17T08:49:25,085 INFO  [regionserver/4fdf0e11b739:16020] quotas.RegionServerSpaceQuotaManager: Quota support disabled, not starting space quota manager.
2025-06-17T08:49:28,130 INFO  [regionserver/4fdf0e11b739:16020] monitor.StreamSlowMonitor: New stream slow monitor defaultMonitorName
2025-06-17T08:49:28,173 INFO  [regionserver/4fdf0e11b739:16020] wal.AbstractFSWAL: WAL configuration: blocksize=256 MB, rollsize=128 MB, prefix=4fdf0e11b739%2C16020%2C1750150154692, suffix=, logDir=hdfs://atlas-hadoop:9000/hbase/WALs/4fdf0e11b739,16020,1750150154692, archiveDir=hdfs://atlas-hadoop:9000/hbase/oldWALs, maxLogs=32
2025-06-17T08:49:28,405 INFO  [regionserver/4fdf0e11b739:16020] wal.AbstractFSWAL: New WAL /hbase/WALs/4fdf0e11b739,16020,1750150154692/4fdf0e11b739%2C16020%2C1750150154692.1750150168193
2025-06-17T08:49:28,922 INFO  [RS_OPEN_META-regionserver/4fdf0e11b739:16020-0] handler.AssignRegionHandler: Open hbase:meta,,1.1588230740
2025-06-17T08:49:28,926 INFO  [RS_OPEN_META-regionserver/4fdf0e11b739:16020-0] wal.WALFactory: Instantiating WALProvider of type class org.apache.hadoop.hbase.wal.AsyncFSWALProvider
2025-06-17T08:49:28,927 INFO  [RS_OPEN_META-regionserver/4fdf0e11b739:16020-0] monitor.StreamSlowMonitor: New stream slow monitor .meta
2025-06-17T08:49:28,945 INFO  [RS_OPEN_META-regionserver/4fdf0e11b739:16020-0] wal.AbstractFSWAL: WAL configuration: blocksize=256 MB, rollsize=128 MB, prefix=4fdf0e11b739%2C16020%2C1750150154692.meta, suffix=.meta, logDir=hdfs://atlas-hadoop:9000/hbase/WALs/4fdf0e11b739,16020,1750150154692, archiveDir=hdfs://atlas-hadoop:9000/hbase/oldWALs, maxLogs=32
2025-06-17T08:49:28,991 INFO  [RS_OPEN_META-regionserver/4fdf0e11b739:16020-0] wal.AbstractFSWAL: New WAL /hbase/WALs/4fdf0e11b739,16020,1750150154692/4fdf0e11b739%2C16020%2C1750150154692.meta.1750150168948.meta
2025-06-17T08:49:29,030 INFO  [RS_OPEN_META-regionserver/4fdf0e11b739:16020-0] throttle.StoreHotnessProtector: StoreHotnessProtector is disabled. Set hbase.region.store.parallel.put.limit > 0 to enable, which may help mitigate load under heavy write pressure.
2025-06-17T08:49:29,125 INFO  [RS_OPEN_META-regionserver/4fdf0e11b739:16020-0] regionserver.RegionCoprocessorHost: Loaded coprocessor org.apache.hadoop.hbase.coprocessor.MultiRowMutationEndpoint from HTD of hbase:meta successfully.
2025-06-17T08:49:29,204 INFO  [StoreOpener-1588230740-1] regionserver.HStore: Created cacheConfig: cacheDataOnRead=true, cacheDataOnWrite=false, cacheIndexesOnWrite=false, cacheBloomsOnWrite=false, cacheEvictOnClose=false, cacheDataCompressed=false, prefetchOnOpen=false, for column family info of region 1588230740 
2025-06-17T08:49:29,242 INFO  [StoreOpener-1588230740-1] compactions.CompactionConfiguration: size [minCompactSize:128 MB, maxCompactSize:8.00 EB, offPeakMaxCompactSize:8.00 EB); files [minFilesToCompact:3, maxFilesToCompact:10); ratio 1.200000; off-peak ratio 5.000000; throttle point 2684354560; major period 604800000, major jitter 0.500000, min locality to compact 0.000000; tiered compaction: max_age 9223372036854775807, incoming window min 6, compaction policy for tiered window org.apache.hadoop.hbase.regionserver.compactions.ExploringCompactionPolicy, single output for minor true, compaction window factory org.apache.hadoop.hbase.regionserver.compactions.ExponentialCompactionWindowFactory, region 1588230740 columnFamilyName info
2025-06-17T08:49:29,251 INFO  [StoreOpener-1588230740-1] storefiletracker.StoreFileTrackerFactory: instantiating StoreFileTracker impl org.apache.hadoop.hbase.regionserver.storefiletracker.DefaultStoreFileTracker
2025-06-17T08:49:29,259 INFO  [StoreOpener-1588230740-1] regionserver.HStore: Store=1588230740/info,  memstore type=DefaultMemStore, storagePolicy=NONE, verifyBulkLoads=false, parallelPutCountPrintThreshold=50, encoding=ROW_INDEX_V1, compression=NONE
2025-06-17T08:49:29,259 INFO  [StoreOpener-1588230740-1] regionserver.HStore: Created cacheConfig: cacheDataOnRead=true, cacheDataOnWrite=false, cacheIndexesOnWrite=false, cacheBloomsOnWrite=false, cacheEvictOnClose=false, cacheDataCompressed=false, prefetchOnOpen=false, for column family rep_barrier of region 1588230740 
2025-06-17T08:49:29,265 INFO  [StoreOpener-1588230740-1] compactions.CompactionConfiguration: size [minCompactSize:128 MB, maxCompactSize:8.00 EB, offPeakMaxCompactSize:8.00 EB); files [minFilesToCompact:3, maxFilesToCompact:10); ratio 1.200000; off-peak ratio 5.000000; throttle point 2684354560; major period 604800000, major jitter 0.500000, min locality to compact 0.000000; tiered compaction: max_age 9223372036854775807, incoming window min 6, compaction policy for tiered window org.apache.hadoop.hbase.regionserver.compactions.ExploringCompactionPolicy, single output for minor true, compaction window factory org.apache.hadoop.hbase.regionserver.compactions.ExponentialCompactionWindowFactory, region 1588230740 columnFamilyName rep_barrier
2025-06-17T08:49:29,267 INFO  [StoreOpener-1588230740-1] storefiletracker.StoreFileTrackerFactory: instantiating StoreFileTracker impl org.apache.hadoop.hbase.regionserver.storefiletracker.DefaultStoreFileTracker
2025-06-17T08:49:29,270 INFO  [StoreOpener-1588230740-1] regionserver.HStore: Store=1588230740/rep_barrier,  memstore type=DefaultMemStore, storagePolicy=NONE, verifyBulkLoads=false, parallelPutCountPrintThreshold=50, encoding=ROW_INDEX_V1, compression=NONE
2025-06-17T08:49:29,271 INFO  [StoreOpener-1588230740-1] regionserver.HStore: Created cacheConfig: cacheDataOnRead=true, cacheDataOnWrite=false, cacheIndexesOnWrite=false, cacheBloomsOnWrite=false, cacheEvictOnClose=false, cacheDataCompressed=false, prefetchOnOpen=false, for column family table of region 1588230740 
2025-06-17T08:49:29,275 INFO  [StoreOpener-1588230740-1] compactions.CompactionConfiguration: size [minCompactSize:128 MB, maxCompactSize:8.00 EB, offPeakMaxCompactSize:8.00 EB); files [minFilesToCompact:3, maxFilesToCompact:10); ratio 1.200000; off-peak ratio 5.000000; throttle point 2684354560; major period 604800000, major jitter 0.500000, min locality to compact 0.000000; tiered compaction: max_age 9223372036854775807, incoming window min 6, compaction policy for tiered window org.apache.hadoop.hbase.regionserver.compactions.ExploringCompactionPolicy, single output for minor true, compaction window factory org.apache.hadoop.hbase.regionserver.compactions.ExponentialCompactionWindowFactory, region 1588230740 columnFamilyName table
2025-06-17T08:49:29,275 INFO  [StoreOpener-1588230740-1] storefiletracker.StoreFileTrackerFactory: instantiating StoreFileTracker impl org.apache.hadoop.hbase.regionserver.storefiletracker.DefaultStoreFileTracker
2025-06-17T08:49:29,278 INFO  [StoreOpener-1588230740-1] regionserver.HStore: Store=1588230740/table,  memstore type=DefaultMemStore, storagePolicy=NONE, verifyBulkLoads=false, parallelPutCountPrintThreshold=50, encoding=ROW_INDEX_V1, compression=NONE
2025-06-17T08:49:29,362 INFO  [RS_OPEN_META-regionserver/4fdf0e11b739:16020-0] regionserver.HRegion: Opened 1588230740; next sequenceid=2; SteppingSplitPolicysuper{IncreasingToUpperBoundRegionSplitPolicy{initialSize=268435456, ConstantSizeRegionSplitPolicy{desiredMaxFileSize=9617893120, jitterRate=-0.10426390171051025}}}, FlushLargeStoresPolicy{flushSizeLowerBound=44739242}
2025-06-17T08:49:29,416 INFO  [RS_OPEN_META-regionserver/4fdf0e11b739:16020-0] regionserver.HRegionServer: Post open deploy tasks for hbase:meta,,1.1588230740, pid=3, masterSystemTime=1750150168703
2025-06-17T08:49:29,458 INFO  [RS_OPEN_META-regionserver/4fdf0e11b739:16020-0] handler.AssignRegionHandler: Opened hbase:meta,,1.1588230740
2025-06-17T08:49:35,014 INFO  [RS_OPEN_PRIORITY_REGION-regionserver/4fdf0e11b739:16020-0] handler.AssignRegionHandler: Open hbase:namespace,,1750150174278.48e6e558fbe7d28989b7535d829f9bc0.
2025-06-17T08:49:35,026 INFO  [StoreOpener-48e6e558fbe7d28989b7535d829f9bc0-1] regionserver.HStore: Created cacheConfig: cacheDataOnRead=true, cacheDataOnWrite=false, cacheIndexesOnWrite=false, cacheBloomsOnWrite=false, cacheEvictOnClose=false, cacheDataCompressed=false, prefetchOnOpen=false, for column family info of region 48e6e558fbe7d28989b7535d829f9bc0 
2025-06-17T08:49:35,032 INFO  [StoreOpener-48e6e558fbe7d28989b7535d829f9bc0-1] compactions.CompactionConfiguration: size [minCompactSize:128 MB, maxCompactSize:8.00 EB, offPeakMaxCompactSize:8.00 EB); files [minFilesToCompact:3, maxFilesToCompact:10); ratio 1.200000; off-peak ratio 5.000000; throttle point 2684354560; major period 604800000, major jitter 0.500000, min locality to compact 0.000000; tiered compaction: max_age 9223372036854775807, incoming window min 6, compaction policy for tiered window org.apache.hadoop.hbase.regionserver.compactions.ExploringCompactionPolicy, single output for minor true, compaction window factory org.apache.hadoop.hbase.regionserver.compactions.ExponentialCompactionWindowFactory, region 48e6e558fbe7d28989b7535d829f9bc0 columnFamilyName info
2025-06-17T08:49:35,032 INFO  [StoreOpener-48e6e558fbe7d28989b7535d829f9bc0-1] storefiletracker.StoreFileTrackerFactory: instantiating StoreFileTracker impl org.apache.hadoop.hbase.regionserver.storefiletracker.DefaultStoreFileTracker
2025-06-17T08:49:35,033 INFO  [StoreOpener-48e6e558fbe7d28989b7535d829f9bc0-1] regionserver.HStore: Store=48e6e558fbe7d28989b7535d829f9bc0/info,  memstore type=DefaultMemStore, storagePolicy=NONE, verifyBulkLoads=false, parallelPutCountPrintThreshold=50, encoding=NONE, compression=NONE
2025-06-17T08:49:35,076 INFO  [RS_OPEN_PRIORITY_REGION-regionserver/4fdf0e11b739:16020-0] regionserver.HRegion: Opened 48e6e558fbe7d28989b7535d829f9bc0; next sequenceid=2; SteppingSplitPolicysuper{IncreasingToUpperBoundRegionSplitPolicy{initialSize=268435456, ConstantSizeRegionSplitPolicy{desiredMaxFileSize=11388898400, jitterRate=0.06067381799221039}}}, FlushLargeStoresPolicy{flushSizeLowerBound=-1}
2025-06-17T08:49:35,084 INFO  [RS_OPEN_PRIORITY_REGION-regionserver/4fdf0e11b739:16020-0] regionserver.HRegionServer: Post open deploy tasks for hbase:namespace,,1750150174278.48e6e558fbe7d28989b7535d829f9bc0., pid=6, masterSystemTime=1750150174988
2025-06-17T08:49:35,096 INFO  [RS_OPEN_PRIORITY_REGION-regionserver/4fdf0e11b739:16020-0] handler.AssignRegionHandler: Opened hbase:namespace,,1750150174278.48e6e558fbe7d28989b7535d829f9bc0.
2025-06-17T08:49:35,260 INFO  [HBase-Metrics2-1] impl.GlobalMetricRegistriesAdapter: Registering RegionServer,sub=Coprocessor.Region.CP_org.apache.hadoop.hbase.coprocessor.MultiRowMutationEndpoint Metrics about HBase RegionObservers
2025-06-17T08:54:16,417 INFO  [LruBlockCacheStatsExecutor] hfile.LruBlockCache: totalSize=1.02 MB, freeSize=1.36 GB, max=1.36 GB, blockCount=0, accesses=0, hits=0, hitRatio=0, cachingAccesses=0, cachingHits=0, cachingHitsRatio=0,evictions=29, evicted=0, evictedPerRun=0.0
2025-06-17T08:54:25,075 INFO  [4fdf0e11b739:16020Replication Statistics #0] regionserver.Replication: Global stats: WAL Edits Buffer Used=0B, Limit=268435456B

2025-06-17T08:54:34,981 INFO  [regionserver/4fdf0e11b739:16020.Chore.1] regionserver.HRegionServer: MemstoreFlusherChore requesting flush of hbase:meta,,1.1588230740 because 1588230740/info has an old edit so flush to free WALs after random delay 270972 ms
2025-06-17T08:54:44,976 INFO  [regionserver/4fdf0e11b739:16020.Chore.1] regionserver.HRegionServer: MemstoreFlusherChore requesting flush of hbase:namespace,,1750150174278.48e6e558fbe7d28989b7535d829f9bc0. because 48e6e558fbe7d28989b7535d829f9bc0/info has an old edit so flush to free WALs after random delay 270628 ms
2025-06-17T08:59:05,971 INFO  [MemStoreFlusher.0] regionserver.HRegion: Flushing 1588230740 3/3 column families, dataSize=1.23 KB heapSize=2.87 KB
2025-06-17T08:59:06,363 INFO  [MemStoreFlusher.0] regionserver.DefaultStoreFlusher: Flushed memstore data size=1.14 KB at sequenceid=9 (bloomFilter=true), to=hdfs://atlas-hadoop:9000/hbase/data/hbase/meta/1588230740/.tmp/info/0704106bf41846f08fe61c80568dae40
2025-06-17T08:59:07,039 INFO  [MemStoreFlusher.0] regionserver.DefaultStoreFlusher: Flushed memstore data size=94 B at sequenceid=9 (bloomFilter=true), to=hdfs://atlas-hadoop:9000/hbase/data/hbase/meta/1588230740/.tmp/table/8e7e9de31a80439e80e5653904a3a901
2025-06-17T08:59:07,108 INFO  [MemStoreFlusher.0] regionserver.HStore: Added hdfs://atlas-hadoop:9000/hbase/data/hbase/meta/1588230740/info/0704106bf41846f08fe61c80568dae40, entries=10, sequenceid=9, filesize=6.3 K
2025-06-17T08:59:07,259 INFO  [MemStoreFlusher.0] regionserver.HStore: Added hdfs://atlas-hadoop:9000/hbase/data/hbase/meta/1588230740/table/8e7e9de31a80439e80e5653904a3a901, entries=2, sequenceid=9, filesize=5.0 K
2025-06-17T08:59:07,284 INFO  [MemStoreFlusher.0] regionserver.HRegion: Finished flush of dataSize ~1.23 KB/1264, heapSize ~2.59 KB/2648, currentSize=0 B/0 for 1588230740 in 1316ms, sequenceid=9, compaction requested=false
2025-06-17T08:59:15,605 INFO  [MemStoreFlusher.0] regionserver.HRegion: Flushing 48e6e558fbe7d28989b7535d829f9bc0 1/1 column families, dataSize=78 B heapSize=488 B
2025-06-17T08:59:16,081 INFO  [MemStoreFlusher.0] regionserver.DefaultStoreFlusher: Flushed memstore data size=78 B at sequenceid=6 (bloomFilter=true), to=hdfs://atlas-hadoop:9000/hbase/data/hbase/namespace/48e6e558fbe7d28989b7535d829f9bc0/.tmp/info/0a2edb2650444b76a10827e297523f79
2025-06-17T08:59:16,160 INFO  [MemStoreFlusher.0] regionserver.HStore: Added hdfs://atlas-hadoop:9000/hbase/data/hbase/namespace/48e6e558fbe7d28989b7535d829f9bc0/info/0a2edb2650444b76a10827e297523f79, entries=2, sequenceid=6, filesize=4.8 K
2025-06-17T08:59:16,170 INFO  [MemStoreFlusher.0] regionserver.HRegion: Finished flush of dataSize ~78 B/78, heapSize ~472 B/472, currentSize=0 B/0 for 48e6e558fbe7d28989b7535d829f9bc0 in 564ms, sequenceid=6, compaction requested=false
2025-06-17T08:59:16,413 INFO  [LruBlockCacheStatsExecutor] hfile.LruBlockCache: totalSize=1.02 MB, freeSize=1.36 GB, max=1.36 GB, blockCount=0, accesses=0, hits=0, hitRatio=0, cachingAccesses=0, cachingHits=0, cachingHitsRatio=0,evictions=59, evicted=0, evictedPerRun=0.0
2025-06-17T08:59:25,080 INFO  [4fdf0e11b739:16020Replication Statistics #0] regionserver.Replication: Global stats: WAL Edits Buffer Used=0B, Limit=268435456B

2025-06-17T09:04:16,418 INFO  [LruBlockCacheStatsExecutor] hfile.LruBlockCache: totalSize=1.03 MB, freeSize=1.36 GB, max=1.36 GB, blockCount=2, accesses=2, hits=0, hitRatio=0, cachingAccesses=2, cachingHits=0, cachingHitsRatio=0,evictions=89, evicted=0, evictedPerRun=0.0
2025-06-17T09:04:25,081 INFO  [4fdf0e11b739:16020Replication Statistics #0] regionserver.Replication: Global stats: WAL Edits Buffer Used=0B, Limit=268435456B

2025-06-17T09:09:16,431 INFO  [LruBlockCacheStatsExecutor] hfile.LruBlockCache: totalSize=1.03 MB, freeSize=1.36 GB, max=1.36 GB, blockCount=2, accesses=4, hits=2, hitRatio=50.00%, , cachingAccesses=4, cachingHits=2, cachingHitsRatio=50.00%, evictions=119, evicted=0, evictedPerRun=0.0
2025-06-17T09:09:25,087 INFO  [4fdf0e11b739:16020Replication Statistics #0] regionserver.Replication: Global stats: WAL Edits Buffer Used=0B, Limit=268435456B

